{"/home/travis/build/npmtest/node-npmtest-project-name-generator/test.js":{"path":"/home/travis/build/npmtest/node-npmtest-project-name-generator/test.js","s":{"1":2,"2":2,"3":2,"4":2,"5":2,"6":2,"7":2,"8":1,"9":2,"10":2,"11":1,"12":1,"13":1,"14":1,"15":2,"16":2,"17":2,"18":2,"19":1,"20":1,"21":2,"22":2,"23":2,"24":1,"25":1,"26":1,"27":1,"28":1,"29":1,"30":1,"31":1,"32":1,"33":1,"34":1,"35":1,"36":1,"37":1,"38":1,"39":2,"40":2,"41":1,"42":2,"43":2,"44":1,"45":2,"46":2,"47":1,"48":2,"49":2,"50":1,"51":1,"52":1,"53":1,"54":1},"b":{"1":[2,1,1,1],"2":[1,1,1,1],"3":[1,1],"4":[1,1],"5":[1,1],"6":[1,1],"7":[1,1],"8":[1,1],"9":[1,1],"10":[1,1,1],"11":[1,1],"12":[1,1],"13":[1,1],"14":[1,1],"15":[1,1],"16":[1,1],"17":[1,1]},"f":{"1":2,"2":2,"3":2,"4":2,"5":2,"6":1,"7":1,"8":1,"9":2,"10":2,"11":2,"12":2,"13":1},"fnMap":{"1":{"name":"(anonymous_1)","line":12,"loc":{"start":{"line":12,"column":1},"end":{"line":12,"column":13}}},"2":{"name":"(anonymous_2)","line":19,"loc":{"start":{"line":19,"column":5},"end":{"line":19,"column":17}}},"3":{"name":"(anonymous_3)","line":23,"loc":{"start":{"line":23,"column":24},"end":{"line":23,"column":36}}},"4":{"name":"(anonymous_4)","line":61,"loc":{"start":{"line":61,"column":5},"end":{"line":61,"column":17}}},"5":{"name":"(anonymous_5)","line":82,"loc":{"start":{"line":82,"column":5},"end":{"line":82,"column":17}}},"6":{"name":"(anonymous_6)","line":91,"loc":{"start":{"line":91,"column":77},"end":{"line":94,"column":10}}},"7":{"name":"(anonymous_7)","line":112,"loc":{"start":{"line":112,"column":83},"end":{"line":115,"column":10}},"skip":true},"8":{"name":"(anonymous_8)","line":123,"loc":{"start":{"line":123,"column":77},"end":{"line":126,"column":10}},"skip":true},"9":{"name":"(anonymous_9)","line":139,"loc":{"start":{"line":139,"column":12},"end":{"line":139,"column":40}},"skip":true},"10":{"name":"(anonymous_10)","line":147,"loc":{"start":{"line":147,"column":77},"end":{"line":150,"column":10}},"skip":true},"11":{"name":"(anonymous_11)","line":158,"loc":{"start":{"line":158,"column":83},"end":{"line":161,"column":10}},"skip":true},"12":{"name":"(anonymous_12)","line":169,"loc":{"start":{"line":169,"column":79},"end":{"line":172,"column":10}},"skip":true},"13":{"name":"(anonymous_13)","line":180,"loc":{"start":{"line":180,"column":75},"end":{"line":183,"column":10}},"skip":true}},"statementMap":{"1":{"start":{"line":12,"column":0},"end":{"line":195,"column":5}},"2":{"start":{"line":14,"column":4},"end":{"line":14,"column":14}},"3":{"start":{"line":19,"column":4},"end":{"line":56,"column":9}},"4":{"start":{"line":21,"column":8},"end":{"line":21,"column":19}},"5":{"start":{"line":23,"column":8},"end":{"line":35,"column":13}},"6":{"start":{"line":24,"column":12},"end":{"line":34,"column":13}},"7":{"start":{"line":25,"column":16},"end":{"line":28,"column":30}},"8":{"start":{"line":30,"column":16},"end":{"line":33,"column":27}},"9":{"start":{"line":37,"column":8},"end":{"line":39,"column":21}},"10":{"start":{"line":40,"column":8},"end":{"line":53,"column":9}},"11":{"start":{"line":43,"column":12},"end":{"line":46,"column":14}},"12":{"start":{"line":47,"column":12},"end":{"line":47,"column":18}},"13":{"start":{"line":50,"column":12},"end":{"line":51,"column":46}},"14":{"start":{"line":52,"column":12},"end":{"line":52,"column":18}},"15":{"start":{"line":55,"column":8},"end":{"line":55,"column":35}},"16":{"start":{"line":61,"column":4},"end":{"line":63,"column":9}},"17":{"start":{"line":62,"column":8},"end":{"line":62,"column":15}},"18":{"start":{"line":64,"column":4},"end":{"line":77,"column":5}},"19":{"start":{"line":70,"column":8},"end":{"line":70,"column":14}},"20":{"start":{"line":76,"column":8},"end":{"line":76,"column":14}},"21":{"start":{"line":82,"column":4},"end":{"line":84,"column":9}},"22":{"start":{"line":83,"column":8},"end":{"line":83,"column":15}},"23":{"start":{"line":85,"column":4},"end":{"line":194,"column":5}},"24":{"start":{"line":91,"column":8},"end":{"line":99,"column":10}},"25":{"start":{"line":98,"column":12},"end":{"line":98,"column":35}},"26":{"start":{"line":102,"column":8},"end":{"line":104,"column":63}},"27":{"start":{"line":105,"column":8},"end":{"line":105,"column":14}},"28":{"start":{"line":112,"column":8},"end":{"line":121,"column":10},"skip":true},"29":{"start":{"line":119,"column":12},"end":{"line":119,"column":55},"skip":true},"30":{"start":{"line":120,"column":12},"end":{"line":120,"column":48},"skip":true},"31":{"start":{"line":123,"column":8},"end":{"line":136,"column":10},"skip":true},"32":{"start":{"line":130,"column":12},"end":{"line":130,"column":76},"skip":true},"33":{"start":{"line":131,"column":12},"end":{"line":131,"column":73},"skip":true},"34":{"start":{"line":132,"column":12},"end":{"line":132,"column":74},"skip":true},"35":{"start":{"line":133,"column":12},"end":{"line":133,"column":79},"skip":true},"36":{"start":{"line":134,"column":12},"end":{"line":134,"column":25},"skip":true},"37":{"start":{"line":135,"column":12},"end":{"line":135,"column":45},"skip":true},"38":{"start":{"line":138,"column":8},"end":{"line":145,"column":14},"skip":true},"39":{"start":{"line":143,"column":16},"end":{"line":143,"column":29},"skip":true},"40":{"start":{"line":144,"column":16},"end":{"line":144,"column":55},"skip":true},"41":{"start":{"line":147,"column":8},"end":{"line":156,"column":10},"skip":true},"42":{"start":{"line":154,"column":12},"end":{"line":154,"column":25},"skip":true},"43":{"start":{"line":155,"column":12},"end":{"line":155,"column":45},"skip":true},"44":{"start":{"line":158,"column":8},"end":{"line":167,"column":10},"skip":true},"45":{"start":{"line":165,"column":12},"end":{"line":165,"column":25},"skip":true},"46":{"start":{"line":166,"column":12},"end":{"line":166,"column":48},"skip":true},"47":{"start":{"line":169,"column":8},"end":{"line":178,"column":10},"skip":true},"48":{"start":{"line":176,"column":12},"end":{"line":176,"column":25},"skip":true},"49":{"start":{"line":177,"column":12},"end":{"line":177,"column":46},"skip":true},"50":{"start":{"line":180,"column":8},"end":{"line":189,"column":10},"skip":true},"51":{"start":{"line":187,"column":12},"end":{"line":187,"column":94},"skip":true},"52":{"start":{"line":188,"column":12},"end":{"line":188,"column":48},"skip":true},"53":{"start":{"line":192,"column":8},"end":{"line":192,"column":35},"skip":true},"54":{"start":{"line":193,"column":8},"end":{"line":193,"column":14},"skip":true}},"branchMap":{"1":{"line":25,"type":"binary-expr","locations":[{"start":{"line":25,"column":23},"end":{"line":25,"column":62}},{"start":{"line":26,"column":20},"end":{"line":26,"column":70}},{"start":{"line":27,"column":20},"end":{"line":27,"column":71}},{"start":{"line":28,"column":20},"end":{"line":28,"column":29}}]},"2":{"line":30,"type":"binary-expr","locations":[{"start":{"line":30,"column":23},"end":{"line":30,"column":37}},{"start":{"line":31,"column":20},"end":{"line":31,"column":61}},{"start":{"line":32,"column":20},"end":{"line":32,"column":70}},{"start":{"line":33,"column":20},"end":{"line":33,"column":26}}]},"3":{"line":37,"type":"cond-expr","locations":[{"start":{"line":38,"column":14},"end":{"line":38,"column":20}},{"start":{"line":39,"column":14},"end":{"line":39,"column":20}}]},"4":{"line":40,"type":"switch","locations":[{"start":{"line":42,"column":8},"end":{"line":47,"column":18}},{"start":{"line":49,"column":8},"end":{"line":52,"column":18}}]},"5":{"line":44,"type":"binary-expr","locations":[{"start":{"line":44,"column":16},"end":{"line":44,"column":44}},{"start":{"line":44,"column":48},"end":{"line":44,"column":66}}]},"6":{"line":50,"type":"binary-expr","locations":[{"start":{"line":50,"column":21},"end":{"line":50,"column":49}},{"start":{"line":50,"column":53},"end":{"line":50,"column":72}}]},"7":{"line":64,"type":"switch","locations":[{"start":{"line":69,"column":4},"end":{"line":70,"column":14}},{"start":{"line":75,"column":4},"end":{"line":76,"column":14}}]},"8":{"line":85,"type":"switch","locations":[{"start":{"line":90,"column":4},"end":{"line":105,"column":14}},{"start":{"line":111,"column":4},"end":{"line":193,"column":14},"skip":true}]},"9":{"line":91,"type":"binary-expr","locations":[{"start":{"line":91,"column":42},"end":{"line":91,"column":73}},{"start":{"line":91,"column":77},"end":{"line":99,"column":9}}]},"10":{"line":102,"type":"binary-expr","locations":[{"start":{"line":102,"column":18},"end":{"line":102,"column":32}},{"start":{"line":103,"column":12},"end":{"line":103,"column":53}},{"start":{"line":104,"column":12},"end":{"line":104,"column":61}}]},"11":{"line":112,"type":"binary-expr","locations":[{"start":{"line":112,"column":45},"end":{"line":112,"column":79},"skip":true},{"start":{"line":112,"column":83},"end":{"line":121,"column":9},"skip":true}]},"12":{"line":123,"type":"binary-expr","locations":[{"start":{"line":123,"column":42},"end":{"line":123,"column":73},"skip":true},{"start":{"line":123,"column":77},"end":{"line":136,"column":9},"skip":true}]},"13":{"line":138,"type":"binary-expr","locations":[{"start":{"line":138,"column":48},"end":{"line":138,"column":85},"skip":true},{"start":{"line":139,"column":12},"end":{"line":145,"column":13},"skip":true}]},"14":{"line":147,"type":"binary-expr","locations":[{"start":{"line":147,"column":42},"end":{"line":147,"column":73},"skip":true},{"start":{"line":147,"column":77},"end":{"line":156,"column":9},"skip":true}]},"15":{"line":158,"type":"binary-expr","locations":[{"start":{"line":158,"column":45},"end":{"line":158,"column":79},"skip":true},{"start":{"line":158,"column":83},"end":{"line":167,"column":9},"skip":true}]},"16":{"line":169,"type":"binary-expr","locations":[{"start":{"line":169,"column":43},"end":{"line":169,"column":75},"skip":true},{"start":{"line":169,"column":79},"end":{"line":178,"column":9},"skip":true}]},"17":{"line":180,"type":"binary-expr","locations":[{"start":{"line":180,"column":41},"end":{"line":180,"column":71},"skip":true},{"start":{"line":180,"column":75},"end":{"line":189,"column":9},"skip":true}]}},"code":["/* istanbul instrument in package npmtest_project_name_generator */","/*jslint","    bitwise: true,","    browser: true,","    maxerr: 8,","    maxlen: 96,","    node: true,","    nomen: true,","    regexp: true,","    stupid: true","*/","(function () {","    'use strict';","    var local;","","","","    // run shared js-env code - pre-init","    (function () {","        // init local","        local = {};","        // init modeJs","        local.modeJs = (function () {","            try {","                return typeof navigator.userAgent === 'string' &&","                    typeof document.querySelector('body') === 'object' &&","                    typeof XMLHttpRequest.prototype.open === 'function' &&","                    'browser';","            } catch (errorCaughtBrowser) {","                return module.exports &&","                    typeof process.versions.node === 'string' &&","                    typeof require('http').createServer === 'function' &&","                    'node';","            }","        }());","        // init global","        local.global = local.modeJs === 'browser'","            ? window","            : global;","        switch (local.modeJs) {","        // re-init local from window.local","        case 'browser':","            local = local.global.utility2.objectSetDefault(","                local.global.utility2_rollup || local.global.local,","                local.global.utility2","            );","            break;","        // re-init local from example.js","        case 'node':","            local = (local.global.utility2_rollup || require('utility2'))","                .requireExampleJsFromReadme();","            break;","        }","        // export local","        local.global.local = local;","    }());","","","","    // run shared js-env code - function","    (function () {","        return;","    }());","    switch (local.modeJs) {","","","","    // run browser js-env code - function","    case 'browser':","        break;","","","","    // run node js-env code - function","    case 'node':","        break;","    }","","","","    // run shared js-env code - post-init","    (function () {","        return;","    }());","    switch (local.modeJs) {","","","","    // run browser js-env code - post-init","    case 'browser':","        local.testCase_browser_nullCase = local.testCase_browser_nullCase || function (","            options,","            onError","        ) {","        /*","         * this function will test browsers's null-case handling-behavior-behavior","         */","            onError(null, options);","        };","","        // run tests","        local.nop(local.modeTest &&","            document.querySelector('#testRunButton1') &&","            document.querySelector('#testRunButton1').click());","        break;","","","","    // run node js-env code - post-init","    /* istanbul ignore next */","    case 'node':","        local.testCase_buildApidoc_default = local.testCase_buildApidoc_default || function (","            options,","            onError","        ) {","        /*","         * this function will test buildApidoc's default handling-behavior-behavior","         */","            options = { modulePathList: module.paths };","            local.buildApidoc(options, onError);","        };","","        local.testCase_buildApp_default = local.testCase_buildApp_default || function (","            options,","            onError","        ) {","        /*","         * this function will test buildApp's default handling-behavior-behavior","         */","            local.testCase_buildReadme_default(options, local.onErrorThrow);","            local.testCase_buildLib_default(options, local.onErrorThrow);","            local.testCase_buildTest_default(options, local.onErrorThrow);","            local.testCase_buildCustomOrg_default(options, local.onErrorThrow);","            options = [];","            local.buildApp(options, onError);","        };","","        local.testCase_buildCustomOrg_default = local.testCase_buildCustomOrg_default ||","            function (options, onError) {","            /*","             * this function will test buildCustomOrg's default handling-behavior","             */","                options = {};","                local.buildCustomOrg(options, onError);","            };","","        local.testCase_buildLib_default = local.testCase_buildLib_default || function (","            options,","            onError","        ) {","        /*","         * this function will test buildLib's default handling-behavior","         */","            options = {};","            local.buildLib(options, onError);","        };","","        local.testCase_buildReadme_default = local.testCase_buildReadme_default || function (","            options,","            onError","        ) {","        /*","         * this function will test buildReadme's default handling-behavior-behavior","         */","            options = {};","            local.buildReadme(options, onError);","        };","","        local.testCase_buildTest_default = local.testCase_buildTest_default || function (","            options,","            onError","        ) {","        /*","         * this function will test buildTest's default handling-behavior","         */","            options = {};","            local.buildTest(options, onError);","        };","","        local.testCase_webpage_default = local.testCase_webpage_default || function (","            options,","            onError","        ) {","        /*","         * this function will test webpage's default handling-behavior","         */","            options = { modeCoverageMerge: true, url: local.serverLocalHost + '?modeTest=1' };","            local.browserTest(options, onError);","        };","","        // run test-server","        local.testRunServer(local);","        break;","    }","}());",""],"l":{"12":2,"14":2,"19":2,"21":2,"23":2,"24":2,"25":2,"30":1,"37":2,"40":2,"43":1,"47":1,"50":1,"52":1,"55":2,"61":2,"62":2,"64":2,"70":1,"76":1,"82":2,"83":2,"85":2,"91":1,"98":1,"102":1,"105":1,"112":1,"119":1,"120":1,"123":1,"130":1,"131":1,"132":1,"133":1,"134":1,"135":1,"138":1,"143":2,"144":2,"147":1,"154":2,"155":2,"158":1,"165":2,"166":2,"169":1,"176":2,"177":2,"180":1,"187":1,"188":1,"192":1,"193":1}},"/home/travis/build/npmtest/node-npmtest-project-name-generator/lib.npmtest_project_name_generator.js":{"path":"/home/travis/build/npmtest/node-npmtest-project-name-generator/lib.npmtest_project_name_generator.js","s":{"1":2,"2":2,"3":2,"4":2,"5":2,"6":2,"7":2,"8":1,"9":2,"10":2,"11":2,"12":2,"13":1,"14":1,"15":1,"16":1},"b":{"1":[2,1,1,1],"2":[1,1,1,1],"3":[1,1],"4":[2,2],"5":[1,1]},"f":{"1":2,"2":2,"3":2},"fnMap":{"1":{"name":"(anonymous_1)","line":12,"loc":{"start":{"line":12,"column":1},"end":{"line":12,"column":13}}},"2":{"name":"(anonymous_2)","line":19,"loc":{"start":{"line":19,"column":5},"end":{"line":19,"column":17}}},"3":{"name":"(anonymous_3)","line":23,"loc":{"start":{"line":23,"column":24},"end":{"line":23,"column":36}}}},"statementMap":{"1":{"start":{"line":12,"column":0},"end":{"line":53,"column":5}},"2":{"start":{"line":14,"column":4},"end":{"line":14,"column":14}},"3":{"start":{"line":19,"column":4},"end":{"line":52,"column":9}},"4":{"start":{"line":21,"column":8},"end":{"line":21,"column":19}},"5":{"start":{"line":23,"column":8},"end":{"line":35,"column":13}},"6":{"start":{"line":24,"column":12},"end":{"line":34,"column":13}},"7":{"start":{"line":25,"column":16},"end":{"line":28,"column":30}},"8":{"start":{"line":30,"column":16},"end":{"line":33,"column":27}},"9":{"start":{"line":37,"column":8},"end":{"line":39,"column":21}},"10":{"start":{"line":41,"column":8},"end":{"line":41,"column":54}},"11":{"start":{"line":43,"column":8},"end":{"line":43,"column":67}},"12":{"start":{"line":45,"column":8},"end":{"line":51,"column":9}},"13":{"start":{"line":46,"column":12},"end":{"line":46,"column":73}},"14":{"start":{"line":48,"column":12},"end":{"line":48,"column":35}},"15":{"start":{"line":49,"column":12},"end":{"line":49,"column":49}},"16":{"start":{"line":50,"column":12},"end":{"line":50,"column":43}}},"branchMap":{"1":{"line":25,"type":"binary-expr","locations":[{"start":{"line":25,"column":23},"end":{"line":25,"column":62}},{"start":{"line":26,"column":20},"end":{"line":26,"column":70}},{"start":{"line":27,"column":20},"end":{"line":27,"column":71}},{"start":{"line":28,"column":20},"end":{"line":28,"column":29}}]},"2":{"line":30,"type":"binary-expr","locations":[{"start":{"line":30,"column":23},"end":{"line":30,"column":37}},{"start":{"line":31,"column":20},"end":{"line":31,"column":61}},{"start":{"line":32,"column":20},"end":{"line":32,"column":70}},{"start":{"line":33,"column":20},"end":{"line":33,"column":26}}]},"3":{"line":37,"type":"cond-expr","locations":[{"start":{"line":38,"column":14},"end":{"line":38,"column":20}},{"start":{"line":39,"column":14},"end":{"line":39,"column":20}}]},"4":{"line":41,"type":"binary-expr","locations":[{"start":{"line":41,"column":16},"end":{"line":41,"column":44}},{"start":{"line":41,"column":48},"end":{"line":41,"column":53}}]},"5":{"line":45,"type":"if","locations":[{"start":{"line":45,"column":8},"end":{"line":45,"column":8}},{"start":{"line":45,"column":8},"end":{"line":45,"column":8}}]}},"code":["/* istanbul instrument in package npmtest_project_name_generator */","/*jslint","    bitwise: true,","    browser: true,","    maxerr: 8,","    maxlen: 96,","    node: true,","    nomen: true,","    regexp: true,","    stupid: true","*/","(function () {","    'use strict';","    var local;","","","","    // run shared js-env code - pre-init","    (function () {","        // init local","        local = {};","        // init modeJs","        local.modeJs = (function () {","            try {","                return typeof navigator.userAgent === 'string' &&","                    typeof document.querySelector('body') === 'object' &&","                    typeof XMLHttpRequest.prototype.open === 'function' &&","                    'browser';","            } catch (errorCaughtBrowser) {","                return module.exports &&","                    typeof process.versions.node === 'string' &&","                    typeof require('http').createServer === 'function' &&","                    'node';","            }","        }());","        // init global","        local.global = local.modeJs === 'browser'","            ? window","            : global;","        // init utility2_rollup","        local = local.global.utility2_rollup || local;","        // init lib","        local.local = local.npmtest_project_name_generator = local;","        // init exports","        if (local.modeJs === 'browser') {","            local.global.utility2_npmtest_project_name_generator = local;","        } else {","            module.exports = local;","            module.exports.__dirname = __dirname;","            module.exports.module = module;","        }","    }());","}());",""],"l":{"12":2,"14":2,"19":2,"21":2,"23":2,"24":2,"25":2,"30":1,"37":2,"41":2,"43":2,"45":2,"46":1,"48":1,"49":1,"50":1}},"/home/travis/build/npmtest/node-npmtest-project-name-generator/example.js":{"path":"/home/travis/build/npmtest/node-npmtest-project-name-generator/example.js","s":{"1":2,"2":2,"3":2,"4":2,"5":2,"6":2,"7":2,"8":1,"9":2,"10":2,"11":2,"12":2,"13":1,"14":2,"15":2,"16":2,"17":2,"18":2,"19":0,"20":2,"21":1,"22":1,"23":1,"24":1,"25":1,"26":0,"27":0,"28":1,"29":1,"30":2,"31":0,"32":0,"33":0,"34":1,"35":2,"36":2,"37":3,"38":3,"39":3,"40":3,"41":0,"42":3,"43":3,"44":3,"45":1,"46":3,"47":1,"48":1,"49":1,"50":1,"51":1,"52":1,"53":1,"54":1,"55":1,"56":1,"57":0,"58":1,"59":6,"60":6,"61":1,"62":2,"63":0,"64":2,"65":1,"66":1,"67":0,"68":0,"69":0,"70":0,"71":0,"72":0,"73":0,"74":0,"75":0,"76":0,"77":0,"78":0,"79":0,"80":0,"81":0,"82":0,"83":0},"b":{"1":[2,1,1,1],"2":[1,1,1,1],"3":[1,1],"4":[2,2],"5":[1,1],"6":[1,1],"7":[2,0],"8":[2,1,1,1,1,1],"9":[0,2,0],"10":[1,1],"11":[2,1,1],"12":[1,0],"13":[0,2],"14":[2,0,0,0,0,0,0],"15":[0,3],"16":[3,0],"17":[1,1],"18":[0,1],"19":[1,2,0,2],"20":[1,0],"21":[1,1],"22":[0,0],"23":[0,0],"24":[0,0],"25":[0,0],"26":[0,0],"27":[0,0],"28":[0,0]},"f":{"1":2,"2":2,"3":2,"4":2,"5":2,"6":2,"7":3,"8":3,"9":3,"10":1,"11":6,"12":0},"fnMap":{"1":{"name":"(anonymous_1)","line":26,"loc":{"start":{"line":26,"column":1},"end":{"line":26,"column":13}}},"2":{"name":"(anonymous_2)","line":33,"loc":{"start":{"line":33,"column":5},"end":{"line":33,"column":17}}},"3":{"name":"(anonymous_3)","line":37,"loc":{"start":{"line":37,"column":24},"end":{"line":37,"column":36}}},"4":{"name":"(anonymous_4)","line":69,"loc":{"start":{"line":69,"column":31},"end":{"line":69,"column":48}},"skip":true},"5":{"name":"(anonymous_5)","line":78,"loc":{"start":{"line":78,"column":26},"end":{"line":78,"column":45}},"skip":true},"6":{"name":"(anonymous_6)","line":123,"loc":{"start":{"line":123,"column":33},"end":{"line":123,"column":48}},"skip":true},"7":{"name":"(anonymous_7)","line":125,"loc":{"start":{"line":125,"column":27},"end":{"line":125,"column":39}},"skip":true},"8":{"name":"(anonymous_8)","line":133,"loc":{"start":{"line":133,"column":59},"end":{"line":133,"column":74}},"skip":true},"9":{"name":"(anonymous_9)","line":143,"loc":{"start":{"line":143,"column":45},"end":{"line":143,"column":62}},"skip":true},"10":{"name":"(anonymous_10)","line":144,"loc":{"start":{"line":144,"column":73},"end":{"line":144,"column":92}},"skip":true},"11":{"name":"(anonymous_11)","line":272,"loc":{"start":{"line":272,"column":51},"end":{"line":272,"column":77}},"skip":true},"12":{"name":"(anonymous_12)","line":315,"loc":{"start":{"line":315,"column":32},"end":{"line":315,"column":61}},"skip":true}},"statementMap":{"1":{"start":{"line":26,"column":0},"end":{"line":326,"column":5}},"2":{"start":{"line":28,"column":4},"end":{"line":28,"column":14}},"3":{"start":{"line":33,"column":4},"end":{"line":60,"column":9}},"4":{"start":{"line":35,"column":8},"end":{"line":35,"column":19}},"5":{"start":{"line":37,"column":8},"end":{"line":49,"column":13}},"6":{"start":{"line":38,"column":12},"end":{"line":48,"column":13}},"7":{"start":{"line":39,"column":16},"end":{"line":42,"column":30}},"8":{"start":{"line":44,"column":16},"end":{"line":47,"column":27}},"9":{"start":{"line":51,"column":8},"end":{"line":53,"column":21}},"10":{"start":{"line":55,"column":8},"end":{"line":57,"column":45}},"11":{"start":{"line":59,"column":8},"end":{"line":59,"column":35}},"12":{"start":{"line":61,"column":4},"end":{"line":325,"column":5}},"13":{"start":{"line":69,"column":8},"end":{"line":121,"column":10},"skip":true},"14":{"start":{"line":70,"column":12},"end":{"line":88,"column":13},"skip":true},"15":{"start":{"line":76,"column":16},"end":{"line":87,"column":19},"skip":true},"16":{"start":{"line":79,"column":20},"end":{"line":86,"column":21},"skip":true},"17":{"start":{"line":82,"column":24},"end":{"line":82,"column":43},"skip":true},"18":{"start":{"line":83,"column":24},"end":{"line":83,"column":30},"skip":true},"19":{"start":{"line":85,"column":24},"end":{"line":85,"column":49},"skip":true},"20":{"start":{"line":89,"column":12},"end":{"line":107,"column":13},"skip":true},"21":{"start":{"line":92,"column":16},"end":{"line":102,"column":17},"skip":true},"22":{"start":{"line":93,"column":20},"end":{"line":93,"column":86},"skip":true},"23":{"start":{"line":94,"column":20},"end":{"line":95,"column":45},"skip":true},"24":{"start":{"line":96,"column":20},"end":{"line":96,"column":42},"skip":true},"25":{"start":{"line":97,"column":20},"end":{"line":97,"column":48},"skip":true},"26":{"start":{"line":100,"column":20},"end":{"line":100,"column":85},"skip":true},"27":{"start":{"line":101,"column":20},"end":{"line":101,"column":96},"skip":true},"28":{"start":{"line":103,"column":16},"end":{"line":103,"column":22},"skip":true},"29":{"start":{"line":106,"column":16},"end":{"line":106,"column":22},"skip":true},"30":{"start":{"line":108,"column":12},"end":{"line":120,"column":13},"skip":true},"31":{"start":{"line":114,"column":16},"end":{"line":119,"column":17},"skip":true},"32":{"start":{"line":116,"column":20},"end":{"line":116,"column":78},"skip":true},"33":{"start":{"line":118,"column":20},"end":{"line":118,"column":47},"skip":true},"34":{"start":{"line":123,"column":8},"end":{"line":141,"column":11},"skip":true},"35":{"start":{"line":124,"column":12},"end":{"line":124,"column":54},"skip":true},"36":{"start":{"line":125,"column":12},"end":{"line":140,"column":14},"skip":true},"37":{"start":{"line":126,"column":16},"end":{"line":126,"column":28},"skip":true},"38":{"start":{"line":127,"column":16},"end":{"line":127,"column":69},"skip":true},"39":{"start":{"line":128,"column":16},"end":{"line":128,"column":75},"skip":true},"40":{"start":{"line":129,"column":16},"end":{"line":131,"column":17},"skip":true},"41":{"start":{"line":130,"column":20},"end":{"line":130,"column":27},"skip":true},"42":{"start":{"line":133,"column":16},"end":{"line":137,"column":36},"skip":true},"43":{"start":{"line":134,"column":20},"end":{"line":136,"column":55},"skip":true},"44":{"start":{"line":139,"column":16},"end":{"line":139,"column":57},"skip":true},"45":{"start":{"line":143,"column":8},"end":{"line":147,"column":11},"skip":true},"46":{"start":{"line":144,"column":12},"end":{"line":146,"column":15},"skip":true},"47":{"start":{"line":145,"column":16},"end":{"line":145,"column":70},"skip":true},"48":{"start":{"line":149,"column":8},"end":{"line":149,"column":31},"skip":true},"49":{"start":{"line":150,"column":8},"end":{"line":150,"column":14},"skip":true},"50":{"start":{"line":158,"column":8},"end":{"line":158,"column":31},"skip":true},"51":{"start":{"line":160,"column":8},"end":{"line":160,"column":33},"skip":true},"52":{"start":{"line":161,"column":8},"end":{"line":161,"column":37},"skip":true},"53":{"start":{"line":162,"column":8},"end":{"line":162,"column":35},"skip":true},"54":{"start":{"line":164,"column":8},"end":{"line":164,"column":50},"skip":true},"55":{"start":{"line":166,"column":8},"end":{"line":256,"column":2},"skip":true},"56":{"start":{"line":258,"column":8},"end":{"line":286,"column":9},"skip":true},"57":{"start":{"line":259,"column":12},"end":{"line":269,"column":14},"skip":true},"58":{"start":{"line":271,"column":12},"end":{"line":285,"column":19},"skip":true},"59":{"start":{"line":274,"column":20},"end":{"line":274,"column":35},"skip":true},"60":{"start":{"line":275,"column":20},"end":{"line":284,"column":21},"skip":true},"61":{"start":{"line":277,"column":24},"end":{"line":277,"column":64},"skip":true},"62":{"start":{"line":279,"column":24},"end":{"line":279,"column":40},"skip":true},"63":{"start":{"line":281,"column":24},"end":{"line":281,"column":40},"skip":true},"64":{"start":{"line":283,"column":24},"end":{"line":283,"column":39},"skip":true},"65":{"start":{"line":288,"column":8},"end":{"line":290,"column":9},"skip":true},"66":{"start":{"line":289,"column":12},"end":{"line":289,"column":18},"skip":true},"67":{"start":{"line":291,"column":8},"end":{"line":293,"column":54},"skip":true},"68":{"start":{"line":296,"column":8},"end":{"line":301,"column":37},"skip":true},"69":{"start":{"line":303,"column":8},"end":{"line":303,"column":82},"skip":true},"70":{"start":{"line":306,"column":8},"end":{"line":308,"column":9},"skip":true},"71":{"start":{"line":307,"column":12},"end":{"line":307,"column":82},"skip":true},"72":{"start":{"line":310,"column":8},"end":{"line":312,"column":9},"skip":true},"73":{"start":{"line":311,"column":12},"end":{"line":311,"column":18},"skip":true},"74":{"start":{"line":313,"column":8},"end":{"line":313,"column":54},"skip":true},"75":{"start":{"line":314,"column":8},"end":{"line":314,"column":69},"skip":true},"76":{"start":{"line":315,"column":8},"end":{"line":323,"column":36},"skip":true},"77":{"start":{"line":316,"column":12},"end":{"line":316,"column":61},"skip":true},"78":{"start":{"line":317,"column":12},"end":{"line":320,"column":13},"skip":true},"79":{"start":{"line":318,"column":16},"end":{"line":318,"column":75},"skip":true},"80":{"start":{"line":319,"column":16},"end":{"line":319,"column":23},"skip":true},"81":{"start":{"line":321,"column":12},"end":{"line":321,"column":38},"skip":true},"82":{"start":{"line":322,"column":12},"end":{"line":322,"column":27},"skip":true},"83":{"start":{"line":324,"column":8},"end":{"line":324,"column":14},"skip":true}},"branchMap":{"1":{"line":39,"type":"binary-expr","locations":[{"start":{"line":39,"column":23},"end":{"line":39,"column":62}},{"start":{"line":40,"column":20},"end":{"line":40,"column":70}},{"start":{"line":41,"column":20},"end":{"line":41,"column":71}},{"start":{"line":42,"column":20},"end":{"line":42,"column":29}}]},"2":{"line":44,"type":"binary-expr","locations":[{"start":{"line":44,"column":23},"end":{"line":44,"column":37}},{"start":{"line":45,"column":20},"end":{"line":45,"column":61}},{"start":{"line":46,"column":20},"end":{"line":46,"column":70}},{"start":{"line":47,"column":20},"end":{"line":47,"column":26}}]},"3":{"line":51,"type":"cond-expr","locations":[{"start":{"line":52,"column":14},"end":{"line":52,"column":20}},{"start":{"line":53,"column":14},"end":{"line":53,"column":20}}]},"4":{"line":55,"type":"binary-expr","locations":[{"start":{"line":55,"column":16},"end":{"line":55,"column":44}},{"start":{"line":55,"column":49},"end":{"line":57,"column":43}}]},"5":{"line":55,"type":"cond-expr","locations":[{"start":{"line":56,"column":14},"end":{"line":56,"column":66}},{"start":{"line":57,"column":14},"end":{"line":57,"column":43}}]},"6":{"line":61,"type":"switch","locations":[{"start":{"line":68,"column":4},"end":{"line":150,"column":14},"skip":true},{"start":{"line":156,"column":4},"end":{"line":324,"column":14},"skip":true}]},"7":{"line":70,"type":"if","locations":[{"start":{"line":70,"column":12},"end":{"line":70,"column":12},"skip":true},{"start":{"line":70,"column":12},"end":{"line":70,"column":12},"skip":true}]},"8":{"line":70,"type":"binary-expr","locations":[{"start":{"line":70,"column":16},"end":{"line":70,"column":22},"skip":true},{"start":{"line":70,"column":27},"end":{"line":70,"column":32},"skip":true},{"start":{"line":71,"column":20},"end":{"line":71,"column":39},"skip":true},{"start":{"line":72,"column":20},"end":{"line":72,"column":49},"skip":true},{"start":{"line":73,"column":20},"end":{"line":73,"column":58},"skip":true},{"start":{"line":74,"column":20},"end":{"line":74,"column":69},"skip":true}]},"9":{"line":79,"type":"switch","locations":[{"start":{"line":80,"column":20},"end":{"line":80,"column":33},"skip":true},{"start":{"line":81,"column":20},"end":{"line":83,"column":30},"skip":true},{"start":{"line":84,"column":20},"end":{"line":85,"column":49},"skip":true}]},"10":{"line":89,"type":"switch","locations":[{"start":{"line":90,"column":12},"end":{"line":103,"column":22},"skip":true},{"start":{"line":105,"column":12},"end":{"line":106,"column":22},"skip":true}]},"11":{"line":89,"type":"binary-expr","locations":[{"start":{"line":89,"column":20},"end":{"line":89,"column":25},"skip":true},{"start":{"line":89,"column":29},"end":{"line":89,"column":48},"skip":true},{"start":{"line":89,"column":52},"end":{"line":89,"column":74},"skip":true}]},"12":{"line":92,"type":"if","locations":[{"start":{"line":92,"column":16},"end":{"line":92,"column":16},"skip":true},{"start":{"line":92,"column":16},"end":{"line":92,"column":16},"skip":true}]},"13":{"line":108,"type":"if","locations":[{"start":{"line":108,"column":12},"end":{"line":108,"column":12},"skip":true},{"start":{"line":108,"column":12},"end":{"line":108,"column":12},"skip":true}]},"14":{"line":108,"type":"binary-expr","locations":[{"start":{"line":108,"column":16},"end":{"line":108,"column":61},"skip":true},{"start":{"line":108,"column":66},"end":{"line":108,"column":72},"skip":true},{"start":{"line":108,"column":77},"end":{"line":108,"column":82},"skip":true},{"start":{"line":109,"column":20},"end":{"line":109,"column":39},"skip":true},{"start":{"line":110,"column":20},"end":{"line":110,"column":49},"skip":true},{"start":{"line":111,"column":20},"end":{"line":111,"column":58},"skip":true},{"start":{"line":112,"column":20},"end":{"line":112,"column":68},"skip":true}]},"15":{"line":129,"type":"if","locations":[{"start":{"line":129,"column":16},"end":{"line":129,"column":16},"skip":true},{"start":{"line":129,"column":16},"end":{"line":129,"column":16},"skip":true}]},"16":{"line":134,"type":"cond-expr","locations":[{"start":{"line":135,"column":26},"end":{"line":135,"column":29},"skip":true},{"start":{"line":136,"column":26},"end":{"line":136,"column":54},"skip":true}]},"17":{"line":164,"type":"binary-expr","locations":[{"start":{"line":164,"column":27},"end":{"line":164,"column":43},"skip":true},{"start":{"line":164,"column":47},"end":{"line":164,"column":49},"skip":true}]},"18":{"line":258,"type":"if","locations":[{"start":{"line":258,"column":8},"end":{"line":258,"column":8},"skip":true},{"start":{"line":258,"column":8},"end":{"line":258,"column":8},"skip":true}]},"19":{"line":275,"type":"switch","locations":[{"start":{"line":276,"column":20},"end":{"line":277,"column":64},"skip":true},{"start":{"line":278,"column":20},"end":{"line":279,"column":40},"skip":true},{"start":{"line":280,"column":20},"end":{"line":281,"column":40},"skip":true},{"start":{"line":282,"column":20},"end":{"line":283,"column":39},"skip":true}]},"20":{"line":288,"type":"if","locations":[{"start":{"line":288,"column":8},"end":{"line":288,"column":8},"skip":true},{"start":{"line":288,"column":8},"end":{"line":288,"column":8},"skip":true}]},"21":{"line":288,"type":"binary-expr","locations":[{"start":{"line":288,"column":12},"end":{"line":288,"column":40},"skip":true},{"start":{"line":288,"column":44},"end":{"line":288,"column":67},"skip":true}]},"22":{"line":292,"type":"binary-expr","locations":[{"start":{"line":292,"column":12},"end":{"line":292,"column":50},"skip":true},{"start":{"line":293,"column":12},"end":{"line":293,"column":53},"skip":true}]},"23":{"line":297,"type":"binary-expr","locations":[{"start":{"line":297,"column":12},"end":{"line":297,"column":80},"skip":true},{"start":{"line":298,"column":12},"end":{"line":301,"column":36},"skip":true}]},"24":{"line":303,"type":"binary-expr","locations":[{"start":{"line":303,"column":43},"end":{"line":303,"column":75},"skip":true},{"start":{"line":303,"column":79},"end":{"line":303,"column":81},"skip":true}]},"25":{"line":306,"type":"if","locations":[{"start":{"line":306,"column":8},"end":{"line":306,"column":8},"skip":true},{"start":{"line":306,"column":8},"end":{"line":306,"column":8},"skip":true}]},"26":{"line":310,"type":"if","locations":[{"start":{"line":310,"column":8},"end":{"line":310,"column":8},"skip":true},{"start":{"line":310,"column":8},"end":{"line":310,"column":8},"skip":true}]},"27":{"line":313,"type":"binary-expr","locations":[{"start":{"line":313,"column":27},"end":{"line":313,"column":43},"skip":true},{"start":{"line":313,"column":47},"end":{"line":313,"column":53},"skip":true}]},"28":{"line":317,"type":"if","locations":[{"start":{"line":317,"column":12},"end":{"line":317,"column":12},"skip":true},{"start":{"line":317,"column":12},"end":{"line":317,"column":12},"skip":true}]}},"code":["/*","example.js","","quickstart example","","instruction","    1. save this script as example.js","    2. run the shell command:","        $ npm install npmtest-project-name-generator && PORT=8081 node example.js","    3. play with the browser-demo on http://127.0.0.1:8081","*/","","","","/* istanbul instrument in package npmtest_project_name_generator */","/*jslint","    bitwise: true,","    browser: true,","    maxerr: 8,","    maxlen: 96,","    node: true,","    nomen: true,","    regexp: true,","    stupid: true","*/","(function () {","    'use strict';","    var local;","","","","    // run shared js-env code - pre-init","    (function () {","        // init local","        local = {};","        // init modeJs","        local.modeJs = (function () {","            try {","                return typeof navigator.userAgent === 'string' &&","                    typeof document.querySelector('body') === 'object' &&","                    typeof XMLHttpRequest.prototype.open === 'function' &&","                    'browser';","            } catch (errorCaughtBrowser) {","                return module.exports &&","                    typeof process.versions.node === 'string' &&","                    typeof require('http').createServer === 'function' &&","                    'node';","            }","        }());","        // init global","        local.global = local.modeJs === 'browser'","            ? window","            : global;","        // init utility2_rollup","        local = local.global.utility2_rollup || (local.modeJs === 'browser'","            ? local.global.utility2_npmtest_project_name_generator","            : global.utility2_moduleExports);","        // export local","        local.global.local = local;","    }());","    switch (local.modeJs) {","","","","    // post-init","    // run browser js-env code - post-init","    /* istanbul ignore next */","    case 'browser':","        local.testRunBrowser = function (event) {","            if (!event || (event &&","                    event.currentTarget &&","                    event.currentTarget.className &&","                    event.currentTarget.className.includes &&","                    event.currentTarget.className.includes('onreset'))) {","                // reset output","                Array.from(","                    document.querySelectorAll('body > .resettable')","                ).forEach(function (element) {","                    switch (element.tagName) {","                    case 'INPUT':","                    case 'TEXTAREA':","                        element.value = '';","                        break;","                    default:","                        element.textContent = '';","                    }","                });","            }","            switch (event && event.currentTarget && event.currentTarget.id) {","            case 'testRunButton1':","                // show tests","                if (document.querySelector('#testReportDiv1').style.display === 'none') {","                    document.querySelector('#testReportDiv1').style.display = 'block';","                    document.querySelector('#testRunButton1').textContent =","                        'hide internal test';","                    local.modeTest = true;","                    local.testRunDefault(local);","                // hide tests","                } else {","                    document.querySelector('#testReportDiv1').style.display = 'none';","                    document.querySelector('#testRunButton1').textContent = 'run internal test';","                }","                break;","            // custom-case","            default:","                break;","            }","            if (document.querySelector('#inputTextareaEval1') && (!event || (event &&","                    event.currentTarget &&","                    event.currentTarget.className &&","                    event.currentTarget.className.includes &&","                    event.currentTarget.className.includes('oneval')))) {","                // try to eval input-code","                try {","                    /*jslint evil: true*/","                    eval(document.querySelector('#inputTextareaEval1').value);","                } catch (errorCaught) {","                    console.error(errorCaught);","                }","            }","        };","        // log stderr and stdout to #outputTextareaStdout1","        ['error', 'log'].forEach(function (key) {","            console[key + '_original'] = console[key];","            console[key] = function () {","                var element;","                console[key + '_original'].apply(console, arguments);","                element = document.querySelector('#outputTextareaStdout1');","                if (!element) {","                    return;","                }","                // append text to #outputTextareaStdout1","                element.value += Array.from(arguments).map(function (arg) {","                    return typeof arg === 'string'","                        ? arg","                        : JSON.stringify(arg, null, 4);","                }).join(' ') + '\\n';","                // scroll textarea to bottom","                element.scrollTop = element.scrollHeight;","            };","        });","        // init event-handling","        ['change', 'click', 'keyup'].forEach(function (event) {","            Array.from(document.querySelectorAll('.on' + event)).forEach(function (element) {","                element.addEventListener(event, local.testRunBrowser);","            });","        });","        // run tests","        local.testRunBrowser();","        break;","","","","    // run node js-env code - post-init","    /* istanbul ignore next */","    case 'node':","        // export local","        module.exports = local;","        // require modules","        local.fs = require('fs');","        local.http = require('http');","        local.url = require('url');","        // init assets","        local.assetsDict = local.assetsDict || {};","        /* jslint-ignore-begin */","        local.assetsDict['/assets.index.template.html'] = '\\","<!doctype html>\\n\\","<html lang=\"en\">\\n\\","<head>\\n\\","<meta charset=\"UTF-8\">\\n\\","<meta name=\"viewport\" content=\"width=device-width, initial-scale=1\">\\n\\","<title>{{env.npm_package_name}} (v{{env.npm_package_version}})</title>\\n\\","<style>\\n\\","/*csslint\\n\\","    box-sizing: false,\\n\\","    universal-selector: false\\n\\","*/\\n\\","* {\\n\\","    box-sizing: border-box;\\n\\","}\\n\\","body {\\n\\","    background: #dde;\\n\\","    font-family: Arial, Helvetica, sans-serif;\\n\\","    margin: 2rem;\\n\\","}\\n\\","body > * {\\n\\","    margin-bottom: 1rem;\\n\\","}\\n\\",".utility2FooterDiv {\\n\\","    margin-top: 20px;\\n\\","    text-align: center;\\n\\","}\\n\\","</style>\\n\\","<style>\\n\\","/*csslint\\n\\","*/\\n\\","textarea {\\n\\","    font-family: monospace;\\n\\","    height: 10rem;\\n\\","    width: 100%;\\n\\","}\\n\\","textarea[readonly] {\\n\\","    background: #ddd;\\n\\","}\\n\\","</style>\\n\\","</head>\\n\\","<body>\\n\\","<!-- utility2-comment\\n\\","<div id=\"ajaxProgressDiv1\" style=\"background: #d00; height: 2px; left: 0; margin: 0; padding: 0; position: fixed; top: 0; transition: background 0.5s, width 1.5s; width: 25%;\"></div>\\n\\","utility2-comment -->\\n\\","<h1>\\n\\","<!-- utility2-comment\\n\\","    <a\\n\\","        {{#if env.npm_package_homepage}}\\n\\","        href=\"{{env.npm_package_homepage}}\"\\n\\","        {{/if env.npm_package_homepage}}\\n\\","        target=\"_blank\"\\n\\","    >\\n\\","utility2-comment -->\\n\\","        {{env.npm_package_name}} (v{{env.npm_package_version}})\\n\\","<!-- utility2-comment\\n\\","    </a>\\n\\","utility2-comment -->\\n\\","</h1>\\n\\","<h3>{{env.npm_package_description}}</h3>\\n\\","<!-- utility2-comment\\n\\","<h4><a download href=\"assets.app.js\">download standalone app</a></h4>\\n\\","<button class=\"onclick onreset\" id=\"testRunButton1\">run internal test</button><br>\\n\\","<div id=\"testReportDiv1\" style=\"display: none;\"></div>\\n\\","utility2-comment -->\\n\\","\\n\\","\\n\\","\\n\\","<label>stderr and stdout</label>\\n\\","<textarea class=\"resettable\" id=\"outputTextareaStdout1\" readonly></textarea>\\n\\","<!-- utility2-comment\\n\\","{{#if isRollup}}\\n\\","<script src=\"assets.app.js\"></script>\\n\\","{{#unless isRollup}}\\n\\","utility2-comment -->\\n\\","<script src=\"assets.utility2.rollup.js\"></script>\\n\\","<script src=\"jsonp.utility2._stateInit?callback=window.utility2._stateInit\"></script>\\n\\","<script src=\"assets.npmtest_project_name_generator.rollup.js\"></script>\\n\\","<script src=\"assets.example.js\"></script>\\n\\","<script src=\"assets.test.js\"></script>\\n\\","<!-- utility2-comment\\n\\","{{/if isRollup}}\\n\\","utility2-comment -->\\n\\","<div class=\"utility2FooterDiv\">\\n\\","    [ this app was created with\\n\\","    <a href=\"https://github.com/kaizhu256/node-utility2\" target=\"_blank\">utility2</a>\\n\\","    ]\\n\\","</div>\\n\\","</body>\\n\\","</html>\\n\\","';","        /* jslint-ignore-end */","        if (local.templateRender) {","            local.assetsDict['/'] = local.templateRender(","                local.assetsDict['/assets.index.template.html'],","                {","                    env: local.objectSetDefault(local.env, {","                        npm_package_description: 'the greatest app in the world!',","                        npm_package_name: 'my-app',","                        npm_package_nameAlias: 'my_app',","                        npm_package_version: '0.0.1'","                    })","                }","            );","        } else {","            local.assetsDict['/'] = local.assetsDict['/assets.index.template.html']","                .replace((/\\{\\{env\\.(\\w+?)\\}\\}/g), function (match0, match1) {","                    // jslint-hack","                    String(match0);","                    switch (match1) {","                    case 'npm_package_description':","                        return 'the greatest app in the world!';","                    case 'npm_package_name':","                        return 'my-app';","                    case 'npm_package_nameAlias':","                        return 'my_app';","                    case 'npm_package_version':","                        return '0.0.1';","                    }","                });","        }","        // run the cli","        if (local.global.utility2_rollup || module !== require.main) {","            break;","        }","        local.assetsDict['/assets.example.js'] =","            local.assetsDict['/assets.example.js'] ||","            local.fs.readFileSync(__filename, 'utf8');","        // bug-workaround - long $npm_package_buildCustomOrg","        /* jslint-ignore-begin */","        local.assetsDict['/assets.npmtest_project_name_generator.rollup.js'] =","            local.assetsDict['/assets.npmtest_project_name_generator.rollup.js'] ||","            local.fs.readFileSync(","                local.npmtest_project_name_generator.__dirname + '/lib.npmtest_project_name_generator.js',","                'utf8'","            ).replace((/^#!/), '//');","        /* jslint-ignore-end */","        local.assetsDict['/favicon.ico'] = local.assetsDict['/favicon.ico'] || '';","        // if $npm_config_timeout_exit exists,","        // then exit this process after $npm_config_timeout_exit ms","        if (Number(process.env.npm_config_timeout_exit)) {","            setTimeout(process.exit, Number(process.env.npm_config_timeout_exit));","        }","        // start server","        if (local.global.utility2_serverHttp1) {","            break;","        }","        process.env.PORT = process.env.PORT || '8081';","        console.error('server starting on port ' + process.env.PORT);","        local.http.createServer(function (request, response) {","            request.urlParsed = local.url.parse(request.url);","            if (local.assetsDict[request.urlParsed.pathname] !== undefined) {","                response.end(local.assetsDict[request.urlParsed.pathname]);","                return;","            }","            response.statusCode = 404;","            response.end();","        }).listen(process.env.PORT);","        break;","    }","}());",""],"l":{"26":2,"28":2,"33":2,"35":2,"37":2,"38":2,"39":2,"44":1,"51":2,"55":2,"59":2,"61":2,"69":1,"70":2,"76":2,"79":2,"82":2,"83":2,"85":1,"89":2,"92":1,"93":1,"94":1,"96":1,"97":1,"100":1,"101":1,"103":1,"106":1,"108":2,"114":1,"116":1,"118":1,"123":1,"124":2,"125":2,"126":3,"127":3,"128":3,"129":3,"130":1,"133":3,"134":3,"139":3,"143":1,"144":3,"145":1,"149":1,"150":1,"158":1,"160":1,"161":1,"162":1,"164":1,"166":1,"258":1,"259":1,"271":1,"274":6,"275":6,"277":1,"279":2,"281":1,"283":2,"288":1,"289":1,"291":1,"296":1,"303":1,"306":1,"307":1,"310":1,"311":1,"313":1,"314":1,"315":1,"316":1,"317":1,"318":1,"319":1,"321":1,"322":1,"324":1}},"/home/travis/build/npmtest/node-npmtest-project-name-generator/node_modules/project-name-generator/src/generator.js":{"path":"/home/travis/build/npmtest/node-npmtest-project-name-generator/node_modules/project-name-generator/src/generator.js","s":{"1":1,"2":1,"3":1,"4":1,"5":1,"6":1,"7":1,"8":1,"9":1,"10":1,"11":1,"12":1,"13":0,"14":1,"15":1,"16":0,"17":1,"18":1,"19":0,"20":1,"21":1,"22":0,"23":0,"24":0},"b":{"1":[1,0],"2":[0,1],"3":[1,0],"4":[0,1],"5":[0,1]},"f":{"1":1,"2":1,"3":1,"4":0,"5":0},"fnMap":{"1":{"name":"generate","line":9,"loc":{"start":{"line":9,"column":0},"end":{"line":9,"column":27}}},"2":{"name":"getRawProjName","line":26,"loc":{"start":{"line":26,"column":0},"end":{"line":26,"column":33}}},"3":{"name":"(anonymous_3)","line":28,"loc":{"start":{"line":28,"column":29},"end":{"line":28,"column":41}}},"4":{"name":"getAlliterativeMatches","line":46,"loc":{"start":{"line":46,"column":0},"end":{"line":46,"column":45}}},"5":{"name":"(anonymous_5)","line":48,"loc":{"start":{"line":48,"column":23},"end":{"line":48,"column":37}}}},"statementMap":{"1":{"start":{"line":1,"column":0},"end":{"line":3,"column":44}},"2":{"start":{"line":6,"column":0},"end":{"line":6,"column":26}},"3":{"start":{"line":8,"column":0},"end":{"line":8,"column":29}},"4":{"start":{"line":9,"column":0},"end":{"line":24,"column":1}},"5":{"start":{"line":10,"column":2},"end":{"line":14,"column":4}},"6":{"start":{"line":15,"column":2},"end":{"line":15,"column":45}},"7":{"start":{"line":17,"column":2},"end":{"line":17,"column":36}},"8":{"start":{"line":19,"column":2},"end":{"line":23,"column":4}},"9":{"start":{"line":26,"column":0},"end":{"line":44,"column":1}},"10":{"start":{"line":27,"column":2},"end":{"line":27,"column":15}},"11":{"start":{"line":28,"column":2},"end":{"line":33,"column":5}},"12":{"start":{"line":29,"column":4},"end":{"line":32,"column":51}},"13":{"start":{"line":30,"column":6},"end":{"line":30,"column":85}},"14":{"start":{"line":32,"column":6},"end":{"line":32,"column":51}},"15":{"start":{"line":35,"column":2},"end":{"line":38,"column":44}},"16":{"start":{"line":36,"column":4},"end":{"line":36,"column":78}},"17":{"start":{"line":38,"column":4},"end":{"line":38,"column":44}},"18":{"start":{"line":40,"column":2},"end":{"line":42,"column":3}},"19":{"start":{"line":41,"column":4},"end":{"line":41,"column":32}},"20":{"start":{"line":43,"column":2},"end":{"line":43,"column":13}},"21":{"start":{"line":46,"column":0},"end":{"line":49,"column":1}},"22":{"start":{"line":47,"column":2},"end":{"line":47,"column":35}},"23":{"start":{"line":48,"column":2},"end":{"line":48,"column":94}},"24":{"start":{"line":48,"column":39},"end":{"line":48,"column":90}}},"branchMap":{"1":{"line":15,"type":"binary-expr","locations":[{"start":{"line":15,"column":30},"end":{"line":15,"column":37}},{"start":{"line":15,"column":41},"end":{"line":15,"column":43}}]},"2":{"line":29,"type":"if","locations":[{"start":{"line":29,"column":4},"end":{"line":29,"column":4}},{"start":{"line":29,"column":4},"end":{"line":29,"column":4}}]},"3":{"line":29,"type":"binary-expr","locations":[{"start":{"line":29,"column":8},"end":{"line":29,"column":28}},{"start":{"line":29,"column":32},"end":{"line":29,"column":42}}]},"4":{"line":35,"type":"if","locations":[{"start":{"line":35,"column":2},"end":{"line":35,"column":2}},{"start":{"line":35,"column":2},"end":{"line":35,"column":2}}]},"5":{"line":40,"type":"if","locations":[{"start":{"line":40,"column":2},"end":{"line":40,"column":2}},{"start":{"line":40,"column":2},"end":{"line":40,"column":2}}]}},"code":["var _ = require('lodash'),","  nouns = require('../src/nouns'),","  adjectives = require('../src/adjectives');","","","module.exports = generate;","","generate.generate = generate;","function generate(options) {","  var defaults = {","    number: false,","    words: 2,","    alliterative: false,","  };","  options = _.merge(defaults, options || {});","","  var raw = getRawProjName(options);","","  return {","    raw: raw,","    dashed: raw.join('-'),","    spaced: raw.join(' ')","  };","}","","function getRawProjName(options) {","  var raw = [];","  _.times(options.words - 1, function () {","    if (options.alliterative && raw.length)","      raw.push(_.sample(getAlliterativeMatches(adjectives, raw[0].substring(0, 1))));","    else","      raw.push(_.sample(adjectives).toLowerCase());","  });","","  if (options.alliterative)","    raw.push(_.sample(getAlliterativeMatches(nouns, raw[0].substring(0, 1))));","  else","    raw.push(_.sample(nouns).toLowerCase());","","  if (options.number) {","    raw.push(_.random(1, 9999));","  }","  return raw;","}","","function getAlliterativeMatches(arr, letter) {","  var check = letter.toLowerCase();","  return _.filter(arr, function(elm) { return elm.substring(0, 1).toLowerCase() === check; });","}",""],"l":{"1":1,"6":1,"8":1,"9":1,"10":1,"15":1,"17":1,"19":1,"26":1,"27":1,"28":1,"29":1,"30":0,"32":1,"35":1,"36":0,"38":1,"40":1,"41":0,"43":1,"46":1,"47":0,"48":0}},"/home/travis/build/npmtest/node-npmtest-project-name-generator/node_modules/project-name-generator/src/nouns.js":{"path":"/home/travis/build/npmtest/node-npmtest-project-name-generator/node_modules/project-name-generator/src/nouns.js","s":{"1":1},"b":{},"f":{},"fnMap":{},"statementMap":{"1":{"start":{"line":1,"column":0},"end":{"line":878,"column":2}}},"branchMap":{},"code":["module.exports = [","  \"account\",","  \"achiever\",","  \"acoustics\",","  \"act\",","  \"action\",","  \"activity\",","  \"actor\",","  \"addition\",","  \"adjustment\",","  \"advertisement\",","  \"advice\",","  \"aftermath\",","  \"afternoon\",","  \"afterthought\",","  \"agreement\",","  \"air\",","  \"airplane\",","  \"airport\",","  \"alarm\",","  \"amount\",","  \"amusement\",","  \"anger\",","  \"angle\",","  \"animal\",","  \"ants\",","  \"apparatus\",","  \"apparel\",","  \"appliance\",","  \"approval\",","  \"arch\",","  \"argument\",","  \"arithmetic\",","  \"arm\",","  \"army\",","  \"art\",","  \"attack\",","  \"attraction\",","  \"aunt\",","  \"authority\",","  \"babies\",","  \"baby\",","  \"back\",","  \"badge\",","  \"bag\",","  \"bait\",","  \"balance\",","  \"ball\",","  \"base\",","  \"baseball\",","  \"basin\",","  \"basket\",","  \"basketball\",","  \"bat\",","  \"bath\",","  \"battle\",","  \"bead\",","  \"bear\",","  \"bed\",","  \"bedroom\",","  \"beds\",","  \"bee\",","  \"beef\",","  \"beginner\",","  \"behavior\",","  \"belief\",","  \"believe\",","  \"bell\",","  \"bells\",","  \"berry\",","  \"bike\",","  \"bikes\",","  \"bird\",","  \"birds\",","  \"birth\",","  \"birthday\",","  \"bit\",","  \"bite\",","  \"blade\",","  \"blood\",","  \"blow\",","  \"board\",","  \"boat\",","  \"bomb\",","  \"bone\",","  \"book\",","  \"books\",","  \"boot\",","  \"border\",","  \"bottle\",","  \"boundary\",","  \"box\",","  \"boy\",","  \"brake\",","  \"branch\",","  \"brass\",","  \"breath\",","  \"brick\",","  \"bridge\",","  \"brother\",","  \"bubble\",","  \"bucket\",","  \"building\",","  \"bulb\",","  \"burst\",","  \"bushes\",","  \"business\",","  \"butter\",","  \"button\",","  \"cabbage\",","  \"cable\",","  \"cactus\",","  \"cake\",","  \"cakes\",","  \"calculator\",","  \"calendar\",","  \"camera\",","  \"camp\",","  \"can\",","  \"cannon\",","  \"canvas\",","  \"cap\",","  \"caption\",","  \"car\",","  \"card\",","  \"care\",","  \"carpenter\",","  \"carriage\",","  \"cars\",","  \"cart\",","  \"cast\",","  \"cat\",","  \"cats\",","  \"cattle\",","  \"cause\",","  \"cave\",","  \"celery\",","  \"cellar\",","  \"cemetery\",","  \"cent\",","  \"chalk\",","  \"chance\",","  \"change\",","  \"channel\",","  \"cheese\",","  \"cherries\",","  \"cherry\",","  \"chess\",","  \"chicken\",","  \"chickens\",","  \"children\",","  \"chin\",","  \"church\",","  \"circle\",","  \"clam\",","  \"class\",","  \"cloth\",","  \"clover\",","  \"club\",","  \"coach\",","  \"coal\",","  \"coast\",","  \"coat\",","  \"cobweb\",","  \"coil\",","  \"collar\",","  \"color\",","  \"committee\",","  \"company\",","  \"comparison\",","  \"competition\",","  \"condition\",","  \"connection\",","  \"control\",","  \"cook\",","  \"copper\",","  \"corn\",","  \"cough\",","  \"country\",","  \"cover\",","  \"cow\",","  \"cows\",","  \"crack\",","  \"cracker\",","  \"crate\",","  \"crayon\",","  \"cream\",","  \"creator\",","  \"creature\",","  \"credit\",","  \"crib\",","  \"crime\",","  \"crook\",","  \"crow\",","  \"crowd\",","  \"crown\",","  \"cub\",","  \"cup\",","  \"current\",","  \"curtain\",","  \"curve\",","  \"cushion\",","  \"dad\",","  \"daughter\",","  \"day\",","  \"death\",","  \"debt\",","  \"decision\",","  \"deer\",","  \"degree\",","  \"design\",","  \"desire\",","  \"desk\",","  \"destruction\",","  \"detail\",","  \"development\",","  \"digestion\",","  \"dime\",","  \"dinner\",","  \"dinosaurs\",","  \"direction\",","  \"dirt\",","  \"discovery\",","  \"discussion\",","  \"distance\",","  \"distribution\",","  \"division\",","  \"dock\",","  \"doctor\",","  \"dog\",","  \"dogs\",","  \"doll\",","  \"dolls\",","  \"donkey\",","  \"door\",","  \"downtown\",","  \"drain\",","  \"drawer\",","  \"dress\",","  \"drink\",","  \"driving\",","  \"drop\",","  \"duck\",","  \"ducks\",","  \"dust\",","  \"ear\",","  \"earth\",","  \"earthquake\",","  \"edge\",","  \"education\",","  \"effect\",","  \"egg\",","  \"eggnog\",","  \"eggs\",","  \"elbow\",","  \"end\",","  \"engine\",","  \"error\",","  \"event\",","  \"example\",","  \"exchange\",","  \"existence\",","  \"expansion\",","  \"experience\",","  \"expert\",","  \"eye\",","  \"eyes\",","  \"face\",","  \"fact\",","  \"fairies\",","  \"fall\",","  \"fang\",","  \"farm\",","  \"fear\",","  \"feeling\",","  \"field\",","  \"finger\",","  \"fire\",","  \"fireman\",","  \"fish\",","  \"flag\",","  \"flame\",","  \"flavor\",","  \"flesh\",","  \"flight\",","  \"flock\",","  \"floor\",","  \"flower\",","  \"flowers\",","  \"fly\",","  \"fog\",","  \"fold\",","  \"food\",","  \"foot\",","  \"force\",","  \"fork\",","  \"form\",","  \"fowl\",","  \"frame\",","  \"friction\",","  \"friend\",","  \"friends\",","  \"frog\",","  \"frogs\",","  \"front\",","  \"fruit\",","  \"fuel\",","  \"furniture\",","  \"gate\",","  \"geese\",","  \"ghost\",","  \"giants\",","  \"giraffe\",","  \"girl\",","  \"girls\",","  \"glass\",","  \"glove\",","  \"gold\",","  \"government\",","  \"governor\",","  \"grade\",","  \"grain\",","  \"grandfather\",","  \"grandmother\",","  \"grape\",","  \"grass\",","  \"grip\",","  \"ground\",","  \"group\",","  \"growth\",","  \"guide\",","  \"guitar\",","  \"gun\",","  \"hair\",","  \"haircut\",","  \"hall\",","  \"hammer\",","  \"hand\",","  \"hands\",","  \"harbor\",","  \"harmony\",","  \"hat\",","  \"hate\",","  \"head\",","  \"health\",","  \"heat\",","  \"hill\",","  \"history\",","  \"hobbies\",","  \"hole\",","  \"holiday\",","  \"home\",","  \"honey\",","  \"hook\",","  \"hope\",","  \"horn\",","  \"horse\",","  \"horses\",","  \"hose\",","  \"hospital\",","  \"hot\",","  \"hour\",","  \"house\",","  \"houses\",","  \"humor\",","  \"hydrant\",","  \"ice\",","  \"icicle\",","  \"idea\",","  \"impulse\",","  \"income\",","  \"increase\",","  \"industry\",","  \"ink\",","  \"insect\",","  \"instrument\",","  \"insurance\",","  \"interest\",","  \"invention\",","  \"iron\",","  \"island\",","  \"jail\",","  \"jam\",","  \"jar\",","  \"jeans\",","  \"jelly\",","  \"jellyfish\",","  \"jewel\",","  \"join\",","  \"judge\",","  \"juice\",","  \"jump\",","  \"kettle\",","  \"key\",","  \"kick\",","  \"kiss\",","  \"kittens\",","  \"kitty\",","  \"knee\",","  \"knife\",","  \"knot\",","  \"knowledge\",","  \"laborer\",","  \"lace\",","  \"ladybug\",","  \"lake\",","  \"lamp\",","  \"land\",","  \"language\",","  \"laugh\",","  \"leather\",","  \"leg\",","  \"legs\",","  \"letter\",","  \"letters\",","  \"lettuce\",","  \"level\",","  \"library\",","  \"limit\",","  \"line\",","  \"linen\",","  \"lip\",","  \"liquid\",","  \"loaf\",","  \"lock\",","  \"locket\",","  \"look\",","  \"loss\",","  \"love\",","  \"low\",","  \"lumber\",","  \"lunch\",","  \"lunchroom\",","  \"machine\",","  \"magic\",","  \"maid\",","  \"mailbox\",","  \"man\",","  \"marble\",","  \"mark\",","  \"market\",","  \"mask\",","  \"mass\",","  \"match\",","  \"meal\",","  \"measure\",","  \"meat\",","  \"meeting\",","  \"memory\",","  \"men\",","  \"metal\",","  \"mice\",","  \"middle\",","  \"milk\",","  \"mind\",","  \"mine\",","  \"minister\",","  \"mint\",","  \"minute\",","  \"mist\",","  \"mitten\",","  \"mom\",","  \"money\",","  \"monkey\",","  \"month\",","  \"moon\",","  \"morning\",","  \"mother\",","  \"motion\",","  \"mountain\",","  \"mouth\",","  \"move\",","  \"muscle\",","  \"name\",","  \"nation\",","  \"neck\",","  \"need\",","  \"needle\",","  \"nerve\",","  \"nest\",","  \"night\",","  \"noise\",","  \"north\",","  \"nose\",","  \"note\",","  \"notebook\",","  \"number\",","  \"nut\",","  \"oatmeal\",","  \"observation\",","  \"ocean\",","  \"offer\",","  \"office\",","  \"oil\",","  \"orange\",","  \"oranges\",","  \"order\",","  \"oven\",","  \"page\",","  \"pail\",","  \"pan\",","  \"pancake\",","  \"paper\",","  \"parcel\",","  \"part\",","  \"partner\",","  \"party\",","  \"passenger\",","  \"payment\",","  \"peace\",","  \"pear\",","  \"pen\",","  \"pencil\",","  \"person\",","  \"pest\",","  \"pet\",","  \"pets\",","  \"pickle\",","  \"picture\",","  \"pie\",","  \"pies\",","  \"pig\",","  \"pigs\",","  \"pin\",","  \"pipe\",","  \"pizzas\",","  \"place\",","  \"plane\",","  \"planes\",","  \"plant\",","  \"plantation\",","  \"plants\",","  \"plastic\",","  \"plate\",","  \"play\",","  \"playground\",","  \"pleasure\",","  \"plot\",","  \"plough\",","  \"pocket\",","  \"point\",","  \"poison\",","  \"pollution\",","  \"popcorn\",","  \"porter\",","  \"position\",","  \"pot\",","  \"potato\",","  \"powder\",","  \"power\",","  \"price\",","  \"produce\",","  \"profit\",","  \"property\",","  \"prose\",","  \"protest\",","  \"pull\",","  \"pump\",","  \"punishment\",","  \"purpose\",","  \"push\",","  \"quarter\",","  \"quartz\",","  \"queen\",","  \"question\",","  \"quicksand\",","  \"quiet\",","  \"quill\",","  \"quilt\",","  \"quince\",","  \"quiver\",","  \"rabbit\",","  \"rabbits\",","  \"rail\",","  \"railway\",","  \"rain\",","  \"rainstorm\",","  \"rake\",","  \"range\",","  \"rat\",","  \"rate\",","  \"ray\",","  \"reaction\",","  \"reading\",","  \"reason\",","  \"receipt\",","  \"recess\",","  \"record\",","  \"regret\",","  \"relation\",","  \"religion\",","  \"representative\",","  \"request\",","  \"respect\",","  \"rest\",","  \"reward\",","  \"rhythm\",","  \"rice\",","  \"riddle\",","  \"rifle\",","  \"ring\",","  \"rings\",","  \"river\",","  \"road\",","  \"robin\",","  \"rock\",","  \"rod\",","  \"roll\",","  \"roof\",","  \"room\",","  \"root\",","  \"rose\",","  \"route\",","  \"rub\",","  \"rule\",","  \"run\",","  \"sack\",","  \"sail\",","  \"salt\",","  \"sand\",","  \"scale\",","  \"scarecrow\",","  \"scarf\",","  \"scene\",","  \"scent\",","  \"school\",","  \"science\",","  \"scissors\",","  \"screw\",","  \"sea\",","  \"seashore\",","  \"seat\",","  \"secretary\",","  \"seed\",","  \"selection\",","  \"self\",","  \"sense\",","  \"servant\",","  \"shade\",","  \"shake\",","  \"shame\",","  \"shape\",","  \"sheep\",","  \"sheet\",","  \"shelf\",","  \"ship\",","  \"shirt\",","  \"shock\",","  \"shoe\",","  \"shoes\",","  \"shop\",","  \"show\",","  \"side\",","  \"sidewalk\",","  \"sign\",","  \"silk\",","  \"silver\",","  \"sink\",","  \"sister\",","  \"sisters\",","  \"size\",","  \"skate\",","  \"skin\",","  \"skirt\",","  \"sky\",","  \"slave\",","  \"sleep\",","  \"sleet\",","  \"slip\",","  \"slope\",","  \"smash\",","  \"smell\",","  \"smile\",","  \"smoke\",","  \"snail\",","  \"snails\",","  \"snake\",","  \"snakes\",","  \"sneeze\",","  \"snow\",","  \"soap\",","  \"society\",","  \"sock\",","  \"soda\",","  \"sofa\",","  \"son\",","  \"song\",","  \"songs\",","  \"sort\",","  \"sound\",","  \"soup\",","  \"space\",","  \"spade\",","  \"spark\",","  \"spiders\",","  \"sponge\",","  \"spoon\",","  \"spot\",","  \"spring\",","  \"spy\",","  \"square\",","  \"squirrel\",","  \"stage\",","  \"stamp\",","  \"star\",","  \"start\",","  \"statement\",","  \"station\",","  \"steam\",","  \"steel\",","  \"stem\",","  \"step\",","  \"stew\",","  \"stick\",","  \"sticks\",","  \"stitch\",","  \"stocking\",","  \"stomach\",","  \"stone\",","  \"stop\",","  \"store\",","  \"story\",","  \"stove\",","  \"stranger\",","  \"straw\",","  \"stream\",","  \"street\",","  \"stretch\",","  \"string\",","  \"structure\",","  \"substance\",","  \"sugar\",","  \"suggestion\",","  \"suit\",","  \"summer\",","  \"sun\",","  \"support\",","  \"surprise\",","  \"sweater\",","  \"swim\",","  \"swing\",","  \"system\",","  \"table\",","  \"tail\",","  \"talk\",","  \"tank\",","  \"taste\",","  \"tax\",","  \"teaching\",","  \"team\",","  \"teeth\",","  \"temper\",","  \"tendency\",","  \"tent\",","  \"territory\",","  \"test\",","  \"texture\",","  \"theory\",","  \"thing\",","  \"things\",","  \"thought\",","  \"thread\",","  \"thrill\",","  \"throat\",","  \"throne\",","  \"thumb\",","  \"thunder\",","  \"ticket\",","  \"tiger\",","  \"time\",","  \"tin\",","  \"title\",","  \"toad\",","  \"toe\",","  \"toes\",","  \"tomatoes\",","  \"tongue\",","  \"tooth\",","  \"toothbrush\",","  \"toothpaste\",","  \"top\",","  \"touch\",","  \"town\",","  \"toy\",","  \"toys\",","  \"trade\",","  \"trail\",","  \"train\",","  \"trains\",","  \"tramp\",","  \"transport\",","  \"tray\",","  \"treatment\",","  \"tree\",","  \"trees\",","  \"trick\",","  \"trip\",","  \"trouble\",","  \"trousers\",","  \"truck\",","  \"trucks\",","  \"tub\",","  \"turkey\",","  \"turn\",","  \"twig\",","  \"twist\",","  \"umbrella\",","  \"uncle\",","  \"underwear\",","  \"unit\",","  \"use\",","  \"vacation\",","  \"value\",","  \"van\",","  \"vase\",","  \"vegetable\",","  \"veil\",","  \"vein\",","  \"verse\",","  \"vessel\",","  \"vest\",","  \"view\",","  \"visitor\",","  \"voice\",","  \"volcano\",","  \"volleyball\",","  \"voyage\",","  \"walk\",","  \"wall\",","  \"war\",","  \"wash\",","  \"waste\",","  \"watch\",","  \"water\",","  \"wave\",","  \"waves\",","  \"wax\",","  \"way\",","  \"wealth\",","  \"weather\",","  \"week\",","  \"weight\",","  \"wheel\",","  \"whip\",","  \"whistle\",","  \"wilderness\",","  \"wind\",","  \"window\",","  \"wine\",","  \"wing\",","  \"winter\",","  \"wire\",","  \"wish\",","  \"woman\",","  \"women\",","  \"wood\",","  \"wool\",","  \"word\",","  \"work\",","  \"worm\",","  \"wound\",","  \"wren\",","  \"wrench\",","  \"wrist\",","  \"writer\",","  \"writing\",","  \"yak\",","  \"yam\",","  \"yard\",","  \"yarn\",","  \"year\",","  \"yoke\",","  \"zebra\",","  \"zephyr\",","  \"zinc\",","  \"zipper\",","  \"zoo\"","];",""],"l":{"1":1}},"/home/travis/build/npmtest/node-npmtest-project-name-generator/node_modules/project-name-generator/src/adjectives.js":{"path":"/home/travis/build/npmtest/node-npmtest-project-name-generator/node_modules/project-name-generator/src/adjectives.js","s":{"1":1},"b":{},"f":{},"fnMap":{},"statementMap":{"1":{"start":{"line":1,"column":0},"end":{"line":1329,"column":13}}},"branchMap":{},"code":["module.exports =","  [ 'aback',","  'abaft',","  'abandoned',","  'abashed',","  'aberrant',","  'abhorrent',","  'abiding',","  'abject',","  'ablaze',","  'able',","  'abnormal',","  'aboard',","  'aboriginal',","  'abortive',","  'abounding',","  'abrasive',","  'abrupt',","  'absent',","  'absorbed',","  'absorbing',","  'abstracted',","  'absurd',","  'abundant',","  'abusive',","  'acceptable',","  'accessible',","  'accidental',","  'accurate',","  'acid',","  'acidic',","  'acoustic',","  'acrid',","  'action',","  'active',","  'actual',","  'actually',","  'adamant',","  'adaptable',","  'addicted',","  'addicting',","  'adept',","  'adhesive',","  'adjoining',","  'adorable',","  'adored',","  'adroit',","  'adventurous',","  'affectionate',","  'afraid',","  'aggressive',","  'agile',","  'agonizing',","  'agreeable',","  'ahead',","  'airy',","  'ajar',","  'alcoholic',","  'alert',","  'alike',","  'alive',","  'alleged',","  'alluring',","  'aloof',","  'alter',","  'amazing',","  'ambiguous',","  'ambitious',","  'amiable',","  'ample',","  'amuck',","  'amused',","  'amusing',","  'ancient',","  'angry',","  'animated',","  'annoyed',","  'annoying',","  'anxious',","  'apathetic',","  'apt',","  'aquatic',","  'ardent',","  'aromatic',","  'arrogant',","  'ashamed',","  'aspiring',","  'assorted',","  'astonishing',","  'astute',","  'attractive',","  'august',","  'auspicious',","  'automatic',","  'available',","  'average',","  'avid',","  'awake',","  'aware',","  'awesome',","  'awful',","  'axiomatic',","  'bad',","  'balmy',","  'barbarous',","  'bashful',","  'bawdy',","  'beautiful',","  'beefy',","  'befitting',","  'belligerent',","  'beneficial',","  'benevolent',","  'bent',","  'berserk',","  'best',","  'better',","  'bewildered',","  'big',","  'billowing',","  'billowy',","  'bitter',","  'bizarre',","  'black',","  'blessed',","  'bloody',","  'blue',","  'blushing',","  'boiling',","  'bold',","  'boorish',","  'bored',","  'boring',","  'boss',","  'bouncy',","  'boundless',","  'brainy',","  'brash',","  'brave',","  'brawny',","  'breakable',","  'breezy',","  'brief',","  'bright',","  'brisk',","  'broad',","  'broken',","  'brown',","  'bumpy',","  'burly',","  'bustling',","  'busy',","  'cagey',","  'calculating',","  'callous',","  'calm',","  'can',","  'canny',","  'capable',","  'capricious',","  'cared',","  'careful',","  'careless',","  'caring',","  'casual',","  'cautious',","  'ceaseless',","  'celestial',","  'certain',","  'changeable',","  'charming',","  'cheap',","  'cheerful',","  'chemical',","  'chic',","  'chief',","  'childlike',","  'chilly',","  'chivalrous',","  'choice',","  'chosen',","  'chubby',","  'chummy',","  'chunky',","  'civic',","  'civil',","  'clammy',","  'classy',","  'clean',","  'clear',","  'clever',","  'cloistered',","  'close',","  'closed',","  'cloudy',","  'clumsy',","  'cluttered',","  'cogent',","  'coherent',","  'cold',","  'colorful',","  'colossal',","  'combative',","  'comfortable',","  'common',","  'complete',","  'complex',","  'composed',","  'concerned',","  'condemned',","  'confused',","  'conscious',","  'cooing',","  'cool',","  'cooperative',","  'coordinated',","  'cosmic',","  'courageous',","  'cowardly',","  'cozy',","  'crabby',","  'craven',","  'crazy',","  'creepy',","  'crooked',","  'crowded',","  'cruel',","  'cuddly',","  'cultured',","  'cumbersome',","  'curious',","  'curly',","  'curved',","  'curvy',","  'cut',","  'cute',","  'cynical',","  'daffy',","  'daily',","  'dainty',","  'damaged',","  'damaging',","  'damp',","  'dandy',","  'dangerous',","  'dapper',","  'daring',","  'dark',","  'dashing',","  'dazzling',","  'dead',","  'deadpan',","  'deafening',","  'dear',","  'debonair',","  'decent',","  'decisive',","  'decorous',","  'deep',","  'deeply',","  'defeated',","  'defective',","  'defiant',","  'deft',","  'delicate',","  'delicious',","  'delightful',","  'delirious',","  'deluxe',","  'demonic',","  'dependent',","  'depressed',","  'deranged',","  'descriptive',","  'deserted',","  'detailed',","  'determined',","  'devilish',","  'devout',","  'didactic',","  'different',","  'difficult',","  'diligent',","  'direct',","  'direful',","  'dirty',","  'disagreeable',","  'disastrous',","  'discreet',","  'disgusted',","  'disgusting',","  'disillusioned',","  'dispensable',","  'distinct',","  'disturbed',","  'divergent',","  'divine',","  'dizzy',","  'domineering',","  'doted',","  'doting',","  'doubtful',","  'drab',","  'draconian',","  'dramatic',","  'dreamy',","  'dreary',","  'driven',","  'drunk',","  'dry',","  'dull',","  'dusty',","  'dynamic',","  'dysfunctional',","  'eager',","  'early',","  'earsplitting',","  'earthy',","  'easy',","  'eatable',","  'economic',","  'educated',","  'efficacious',","  'efficient',","  'eight',","  'elastic',","  'elated',","  'elderly',","  'electric',","  'elegant',","  'elfin',","  'elite',","  'embarrassed',","  'eminent',","  'empty',","  'enchanted',","  'enchanting',","  'encouraging',","  'end',","  'endurable',","  'energetic',","  'energized',","  'enigmatic',","  'enormous',","  'entertaining',","  'enthusiastic',","  'envious',","  'equable',","  'equal',","  'erect',","  'erratic',","  'ethereal',","  'evanescent',","  'evasive',","  'even',","  'evil',","  'exact',","  'excellent',","  'excited',","  'exciting',","  'exclusive',","  'exotic',","  'expensive',","  'expert',","  'exuberant',","  'exultant',","  'fabulous',","  'faded',","  'faint',","  'fair',","  'faithful',","  'fallacious',","  'false',","  'famed',","  'familiar',","  'famous',","  'fanatical',","  'fancy',","  'fantastic',","  'far',","  'fascinated',","  'fast',","  'fat',","  'faulty',","  'fearful',","  'fearless',","  'feeble',","  'feigned',","  'female',","  'fertile',","  'festive',","  'few',","  'fierce',","  'fiery',","  'filthy',","  'fine',","  'finicky',","  'first',","  'fit',","  'five',","  'fixed',","  'flagrant',","  'flaky',","  'flashy',","  'flat',","  'flawless',","  'fleet',","  'flimsy',","  'flippant',","  'flowery',","  'flowing',","  'fluent',","  'fluffy',","  'fluttering',","  'flying',","  'foamy',","  'fond',","  'foolish',","  'for',","  'foregoing',","  'forgetful',","  'forlorn',","  'fortunate',","  'four',","  'fragile',","  'frail',","  'frank',","  'frantic',","  'free',","  'freezing',","  'frequent',","  'fresh',","  'fretful',","  'friendly',","  'frightened',","  'frightening',","  'full',","  'fumbling',","  'fun',","  'functional',","  'funny',","  'furry',","  'furtive',","  'fuscia',","  'future',","  'futuristic',","  'fuzzy',","  'gabby',","  'gainful',","  'gamy',","  'gaping',","  'garrulous',","  'gas',","  'gaudy',","  'general',","  'genial',","  'gentle',","  'giant',","  'giddy',","  'gifted',","  'gigantic',","  'giving',","  'glad',","  'glamorous',","  'gleaming',","  'glib',","  'glistening',","  'glorious',","  'glossy',","  'gnarly',","  'godly',","  'gold',","  'golden',","  'good',","  'goodly',","  'goofy',","  'gorgeous',","  'graceful',","  'grand',","  'grandiose',","  'grateful',","  'gratis',","  'gray',","  'greasy',","  'great',","  'greedy',","  'green',","  'grey',","  'grieving',","  'groovy',","  'grotesque',","  'grouchy',","  'grubby',","  'gruesome',","  'grumpy',","  'guarded',","  'guided',","  'guiltless',","  'gullible',","  'gusty',","  'gutsy',","  'guttural',","  'habitual',","  'half',","  'hallowed',","  'haloed',","  'halting',","  'handsome',","  'handsomely',","  'handy',","  'hanging',","  'hapless',","  'happy',","  'hard',","  'hardy',","  'harmonious',","  'harsh',","  'hateful',","  'heady',","  'healthy',","  'heartbreaking',","  'hearty',","  'heavenly',","  'heavy',","  'hellish',","  'helpful',","  'helpless',","  'heroic',","  'hesitant',","  'hideous',","  'high',","  'highfalutin',","  'hilarious',","  'hip',","  'hissing',","  'historical',","  'holistic',","  'hollow',","  'holy',","  'homeless',","  'homely',","  'honest',","  'honorable',","  'horrible',","  'hospitable',","  'hot',","  'huge',","  'hulking',","  'human',","  'humane',","  'humble',","  'humdrum',","  'humorous',","  'hungry',","  'hunky',","  'hurried',","  'hurt',","  'hushed',","  'husky',","  'hypnotic',","  'hysterical',","  'icky',","  'icy',","  'ideal',","  'idiotic',","  'ignorant',","  'ill',","  'illegal',","  'illustrious',","  'imaginary',","  'immense',","  'imminent',","  'immune',","  'impartial',","  'imperfect',","  'impolite',","  'important',","  'imported',","  'impossible',","  'incandescent',","  'incompetent',","  'inconclusive',","  'incredible',","  'indigo',","  'industrious',","  'inexpensive',","  'infamous',","  'innate',","  'innocent',","  'inquisitive',","  'insidious',","  'instinctive',","  'intelligent',","  'interesting',","  'internal',","  'invincible',","  'irate',","  'irritating',","  'itchy',","  'jaded',","  'jagged',","  'jazzed',","  'jazzy',","  'jealous',","  'jittery',","  'jobless',","  'jolly',","  'jovial',","  'joyful',","  'joyous',","  'jubilant',","  'judicious',","  'juicy',","  'jumbled',","  'jumpy',","  'just',","  'juvenile',","  'kaput',","  'keen',","  'khaki',","  'kind',","  'kindhearted',","  'kindly',","  'kingly',","  'knotty',","  'knowing',","  'knowledgeable',","  'known',","  'labored',","  'lackadaisical',","  'lacking',","  'lame',","  'lamentable',","  'languid',","  'large',","  'last',","  'late',","  'laughable',","  'lavish',","  'lawful',","  'lazy',","  'lean',","  'learned',","  'left',","  'legal',","  'legit',","  'lethal',","  'level',","  'lewd',","  'light',","  'like',","  'likeable',","  'liked',","  'likely',","  'limber',","  'limitless',","  'limping',","  'literate',","  'little',","  'lively',","  'living',","  'lonely',","  'long',","  'longing',","  'loose',","  'lopsided',","  'loud',","  'lousy',","  'loutish',","  'loved',","  'lovely',","  'loving',","  'low',","  'lowly',","  'loyal',","  'lucid',","  'lucky',","  'ludicrous',","  'lumpy',","  'lush',","  'luxuriant',","  'lying',","  'lyrical',","  'macabre',","  'macho',","  'maddening',","  'madly',","  'magenta',","  'magical',","  'magnificent',","  'main',","  'majestic',","  'major',","  'makeshift',","  'male',","  'malicious',","  'mammot
[...]
:30,"column":55}},"19":{"start":{"line":33,"column":6},"end":{"line":35,"column":9}},"20":{"start":{"line":34,"column":8},"end":{"line":34,"column":68}},"21":{"start":{"line":37,"column":6},"end":{"line":39,"column":9}},"22":{"start":{"line":38,"column":8},"end":{"line":38,"column":63}},"23":{"start":{"line":41,"column":6},"end":{"line":43,"column":9}},"24":{"start":{"line":42,"column":8},"end":{"line":42,"column":62}},"25":{"start":{"line":45,"column":6},"end":{"line":47,"column":9}},"26":{"start":{"line":46,"column":8},"end":{"line":46,"column":62}},"27":{"start":{"line":50,"column":4},"end":{"line":100,"column":7}},"28":{"start":{"line":51,"column":6},"end":{"line":51,"column":19}},"29":{"start":{"line":53,"column":6},"end":{"line":58,"column":9}},"30":{"start":{"line":54,"column":8},"end":{"line":54,"column":32}},"31":{"start":{"line":55,"column":8},"end":{"line":55,"column":45}},"32":{"start":{"line":56,"column":8},"end":{"line":56,"column":55}},"33":{"start":{"line":57,"column":8},"end":{"line":57,"column":55}},"34":{"start":{"line":60,"column":6},"end":{"line":66,"column":9}},"35":{"start":{"line":61,"column":8},"end":{"line":61,"column":44}},"36":{"start":{"line":62,"column":8},"end":{"line":62,"column":45}},"37":{"start":{"line":63,"column":8},"end":{"line":63,"column":55}},"38":{"start":{"line":64,"column":8},"end":{"line":64,"column":55}},"39":{"start":{"line":65,"column":8},"end":{"line":65,"column":55}},"40":{"start":{"line":68,"column":6},"end":{"line":82,"column":9}},"41":{"start":{"line":69,"column":8},"end":{"line":69,"column":40}},"42":{"start":{"line":70,"column":8},"end":{"line":70,"column":45}},"43":{"start":{"line":71,"column":8},"end":{"line":71,"column":68}},"44":{"start":{"line":72,"column":8},"end":{"line":72,"column":68}},"45":{"start":{"line":73,"column":8},"end":{"line":73,"column":63}},"46":{"start":{"line":75,"column":8},"end":{"line":75,"column":40}},"47":{"start":{"line":76,"column":8},"end":{"line":76,"column":45}},"48":{"start":{"line":77,"column":8},"end":{"line":77,"column":68}},"49":{"start":{"line":78,"column":8},"end":{"line":78,"column":68}},"50":{"start":{"line":79,"column":8},"end":{"line":79,"column":68}},"51":{"start":{"line":80,"column":8},"end":{"line":80,"column":68}},"52":{"start":{"line":81,"column":8},"end":{"line":81,"column":63}},"53":{"start":{"line":84,"column":6},"end":{"line":91,"column":9}},"54":{"start":{"line":85,"column":8},"end":{"line":85,"column":54}},"55":{"start":{"line":86,"column":8},"end":{"line":86,"column":45}},"56":{"start":{"line":87,"column":8},"end":{"line":87,"column":68}},"57":{"start":{"line":88,"column":8},"end":{"line":88,"column":68}},"58":{"start":{"line":89,"column":8},"end":{"line":89,"column":63}},"59":{"start":{"line":90,"column":8},"end":{"line":90,"column":55}},"60":{"start":{"line":93,"column":6},"end":{"line":99,"column":9}},"61":{"start":{"line":94,"column":8},"end":{"line":94,"column":75}},"62":{"start":{"line":95,"column":8},"end":{"line":95,"column":45}},"63":{"start":{"line":96,"column":8},"end":{"line":96,"column":68}},"64":{"start":{"line":97,"column":8},"end":{"line":97,"column":63}},"65":{"start":{"line":98,"column":8},"end":{"line":98,"column":124}},"66":{"start":{"line":103,"column":2},"end":{"line":110,"column":5}},"67":{"start":{"line":104,"column":4},"end":{"line":109,"column":7}},"68":{"start":{"line":105,"column":6},"end":{"line":105,"column":56}},"69":{"start":{"line":106,"column":6},"end":{"line":106,"column":48}},"70":{"start":{"line":107,"column":6},"end":{"line":107,"column":48}},"71":{"start":{"line":108,"column":6},"end":{"line":108,"column":45}}},"branchMap":{},"code":["var _ = require('lodash'),","  nouns = require('../src/nouns'),","  adjectives = require('../src/adjectives'),","  generate = require('../src/generator'),","  expect = require('must');","","describe('generator', function () {","  it('has a generate function', function () {","    expect(generate).to.be.a(Function);","  });","","  describe('generate', function () {","    describe('when called with no argument', function () {","      var projName;","","      beforeEach(function () {","        projName = generate();","      });","","      it('returns an object with keys: dashed, spaced, raw', function () {","        expect(projName).to.not.be.undefined();","        expect(projName.dashed).to.not.be.undefined();","        expect(projName.spaced).to.not.be.undefined();","        expect(projName.raw).to.not.be.undefined();","      });","","      it('has a property raw which is an array of two strings', function () {","        expect(projName.raw.length).to.be(2);","        expect(typeof projName.raw[0]).to.be('string');","        expect(typeof projName.raw[1]).to.be('string');","      });","","      it('has an array raw, the first item of which is from the adjectives array', function () {","        expect(_.includes(adjectives, projName.raw[0])).to.be(true);","      });","","      it('has an array raw, the second item of which is from the nouns array', function () {","        expect(_.includes(nouns, projName.raw[1])).to.be(true);","      });","","      it(\"has a property dashed, which is a string of raw's items joined with a dash\", function () {","        expect(projName.dashed).to.be(projName.raw.join('-'));","      });","","      it(\"has a property spaced, which is a string of raw's items joined with a space\", function () {","        expect(projName.spaced).to.be(projName.raw.join(' '));","      });","    });","","    describe('when called with an options object', function () {","      var projName;","","      it('with {}, shows default behaviour', function () {","        projName = generate({});","        expect(projName.raw.length).to.be(2);","        expect(typeof projName.raw[0]).to.be('string');","        expect(typeof projName.raw[1]).to.be('string');","      });","","      it('with {number: true}, includes number', function () {","        projName = generate({number: true});","        expect(projName.raw.length).to.be(3);","        expect(typeof projName.raw[0]).to.be('string');","        expect(typeof projName.raw[1]).to.be('string');","        expect(typeof projName.raw[2]).to.be('number');","      });","","      it('with {words: n}, has n-1 adjectives and 1 noun', function () {","        projName = generate({words: 3});","        expect(projName.raw.length).to.be(3);","        expect(_.includes(adjectives, projName.raw[0])).to.be(true);","        expect(_.includes(adjectives, projName.raw[1])).to.be(true);","        expect(_.includes(nouns, projName.raw[2])).to.be(true);","","        projName = generate({words: 5});","        expect(projName.raw.length).to.be(5);","        expect(_.includes(adjectives, projName.raw[0])).to.be(true);","        expect(_.includes(adjectives, projName.raw[1])).to.be(true);","        expect(_.includes(adjectives, projName.raw[2])).to.be(true);","        expect(_.includes(adjectives, projName.raw[3])).to.be(true);","        expect(_.includes(nouns, projName.raw[4])).to.be(true);","      });","","      it('with {words: 3, number: true}, has 2 adjectives, 1 noun and 1 number', function () {","        projName = generate({words: 3, number: true});","        expect(projName.raw.length).to.be(4);","        expect(_.includes(adjectives, projName.raw[0])).to.be(true);","        expect(_.includes(adjectives, projName.raw[1])).to.be(true);","        expect(_.includes(nouns, projName.raw[2])).to.be(true);","        expect(typeof projName.raw[3]).to.be('number');","      });","","      it('with {words: 2, number: false, alliterative: true}, has 1 adjective and 1 noun beginning with same letter', function() {","        projName = generate({words: 2, number: false, alliterative: true});","        expect(projName.raw.length).to.be(2);","        expect(_.includes(adjectives, projName.raw[0])).to.be(true);","        expect(_.includes(nouns, projName.raw[1])).to.be(true);","        expect(projName.raw[0].substring(0, 1).toLowerCase() === projName.raw[1].substring(0, 1).toLowerCase()).to.be(true);","      });","    });","  });","","  describe('legacy generate property', function () {","    it('is also available as a generate property', function () {","      var name = require('../src/generator').generate();","      expect(name.dashed).to.not.be.undefined();","      expect(name.spaced).to.not.be.undefined();","      expect(name.raw).to.not.be.undefined();","    });","  });","});",""],"l":{"1":2,"7":0,"8":0,"9":0,"12":0,"13":0,"14":0,"16":0,"17":0,"20":0,"21":0,"22":0,"23":0,"24":0,"27":0,"28":0,"29":0,"30":0,"33":0,"34":0,"37":0,"38":0,"41":0,"42":0,"45":0,"46":0,"50":0,"51":0,"53":0,"54":0,"55":0,"56":0,"57":0,"60":0,"61":0,"62":0,"63":0,"64":0,"65":0,"68":0,"69":0,"70":0,"71":0,"72":0,"73":0,"75":0,"76":0,"77":0,"78":0,"79":0,"80":0,"81":0,"84":0,"85":0,"86":0,"87":0,"88":0,"89":0,"90":0,"93":0,"94":0,"95":0,"96":0,"97":0,"98":0,"103":0,"104":0,"105":0,"106":0,"107":0,"108":0}},"/home/travis/build/npmtest/node-npmtest-project-name-generator/node_modules/project-name-generator/spec/nouns-adjectives.spec.js":{"path":"/home/travis/build/npmtest/node-npmtest-project-name-generator/node_modules/project-name-generator/spec/nouns-adjectives.spec.js","s":{"1":2,"2":0,"3":0,"4":1,"5":0,"6":0,"7":0,"8":0,"9":0,"10":0,"11":0,"12":0,"13":0,"14":0,"15":0,"16":0,"17":0,"18":0,"19":0,"20":0},"b":{},"f":{"1":0,"2":0,"3":0,"4":0,"5":0,"6":0,"7":0,"8":0,"9":0},"fnMap":{"1":{"name":"stringArrayTestSuite","line":10,"loc":{"start":{"line":10,"column":0},"end":{"line":10,"column":42}}},"2":{"name":"(anonymous_2)","line":11,"loc":{"start":{"line":11,"column":20},"end":{"line":11,"column":32}}},"3":{"name":"(anonymous_3)","line":15,"loc":{"start":{"line":15,"column":30},"end":{"line":15,"column":42}}},"4":{"name":"(anonymous_4)","line":19,"loc":{"start":{"line":19,"column":34},"end":{"line":19,"column":46}}},"5":{"name":"(anonymous_5)","line":20,"loc":{"start":{"line":20,"column":49},"end":{"line":20,"column":65}}},"6":{"name":"(anonymous_6)","line":26,"loc":{"start":{"line":26,"column":38},"end":{"line":26,"column":50}}},"7":{"name":"(anonymous_7)","line":27,"loc":{"start":{"line":27,"column":47},"end":{"line":27,"column":63}}},"8":{"name":"(anonymous_8)","line":33,"loc":{"start":{"line":33,"column":38},"end":{"line":33,"column":50}}},"9":{"name":"(anonymous_9)","line":34,"loc":{"start":{"line":34,"column":47},"end":{"line":34,"column":63}}}},"statementMap":{"1":{"start":{"line":1,"column":0},"end":{"line":5,"column":27}},"2":{"start":{"line":7,"column":0},"end":{"line":7,"column":58}},"3":{"start":{"line":8,"column":0},"end":{"line":8,"column":68}},"4":{"start":{"line":10,"column":0},"end":{"line":40,"column":1}},"5":{"start":{"line":11,"column":2},"end":{"line":13,"column":5}},"6":{"start":{"line":12,"column":4},"end":{"line":12,"column":52}},"7":{"start":{"line":15,"column":2},"end":{"line":17,"column":5}},"8":{"start":{"line":16,"column":4},"end":{"line":16,"column":42}},"9":{"start":{"line":19,"column":2},"end":{"line":24,"column":5}},"10":{"start":{"line":20,"column":4},"end":{"line":22,"column":7}},"11":{"start":{"line":21,"column":6},"end":{"line":21,"column":38}},"12":{"start":{"line":23,"column":4},"end":{"line":23,"column":43}},"13":{"start":{"line":26,"column":2},"end":{"line":31,"column":5}},"14":{"start":{"line":27,"column":4},"end":{"line":29,"column":7}},"15":{"start":{"line":28,"column":6},"end":{"line":28,"column":38}},"16":{"start":{"line":30,"column":4},"end":{"line":30,"column":43}},"17":{"start":{"line":33,"column":2},"end":{"line":38,"column":5}},"18":{"start":{"line":34,"column":4},"end":{"line":36,"column":7}},"19":{"start":{"line":35,"column":6},"end":{"line":35,"column":38}},"20":{"start":{"line":37,"column":4},"end":{"line":37,"column":43}}},"branchMap":{},"code":["var _ = require('lodash'),","  nouns = require('../src/nouns'),","  adjectives = require('../src/adjectives'),","  helpers = require('./spec-helpers'),","  expect = require('must');","","describe('nouns', stringArrayTestSuite.bind(this, nouns));","describe('adjectives', stringArrayTestSuite.bind(this, adjectives));","","function stringArrayTestSuite(collection) {","  it('is an array', function () {","    expect(helpers.isArray(collection)).to.be(true);","  });","","  it('has at least one item', function () {","    expect(collection.length).to.be.gt(0);","  });","","  it('has each item as a string', function () {","    var everyItemIsAString = _.every(collection, function (item) {","      return typeof item === 'string';","    });","    expect(everyItemIsAString).to.be(true);","  });","","  it('has every item with no spaces', function () {","    var anyItemWithSpaces = _.some(collection, function (item) {","      return item.indexOf(' ') !== -1;","    });","    expect(anyItemWithSpaces).to.be(false);","  });","","  it('has every item with no dashes', function () {","    var anyItemWithDashes = _.some(collection, function (item) {","      return item.indexOf('-') !== -1;","    });","    expect(anyItemWithDashes).to.be(false);","  });","","}",""],"l":{"1":2,"7":0,"8":0,"10":1,"11":0,"12":0,"15":0,"16":0,"19":0,"20":0,"21":0,"23":0,"26":0,"27":0,"28":0,"30":0,"33":0,"34":0,"35":0,"37":0}},"/home/travis/build/npmtest/node-npmtest-project-name-generator/node_modules/project-name-generator/spec/spec-helpers.js":{"path":"/home/travis/build/npmtest/node-npmtest-project-name-generator/node_modules/project-name-generator/spec/spec-helpers.js","s":{"1":1,"2":0,"3":1},"b":{"1":[1,0]},"f":{"1":0},"fnMap":{"1":{"name":"(anonymous_1)","line":3,"loc":{"start":{"line":3,"column":2},"end":{"line":3,"column":19}}}},"statementMap":{"1":{"start":{"line":1,"column":0},"end":{"line":5,"column":4}},"2":{"start":{"line":4,"column":4},"end":{"line":4,"column":70}},"3":{"start":{"line":7,"column":0},"end":{"line":9,"column":2}}},"branchMap":{"1":{"line":1,"type":"cond-expr","locations":[{"start":{"line":2,"column":2},"end":{"line":2,"column":15}},{"start":{"line":3,"column":2},"end":{"line":5,"column":3}}]}},"code":["var isArray = ('isArray' in Array) ?","  Array.isArray :","  function (value) {","    return Object.prototype.toString.call(value) === '[object Array]';","  };","","module.exports = {","  isArray: isArray","};","","","",""],"l":{"1":1,"4":0,"7":1}},"/home/travis/build/npmtest/node-npmtest-project-name-generator/node_modules/project-name-generator/src/generator-bin.js":{"path":"/home/travis/build/npmtest/node-npmtest-project-name-generator/node_modules/project-name-generator/src/generator-bin.js","s":{"1":1,"2":1,"3":1,"4":1,"5":1,"6":1,"7":1,"8":1,"9":1,"10":1,"11":0,"12":0,"13":0,"14":0,"15":0,"16":0,"17":0,"18":0,"19":0,"20":0,"21":0,"22":0,"23":0,"24":1,"25":1,"26":0,"27":1,"28":0,"29":1,"30":0,"31":1},"b":{"1":[0,0,0,0,0,0,0,0,0,0,0,0,0,0],"2":[0,1],"3":[0,1],"4":[0,1]},"f":{"1":1},"fnMap":{"1":{"name":"main","line":7,"loc":{"start":{"line":7,"column":0},"end":{"line":7,"column":19}}}},"statementMap":{"1":{"start":{"line":3,"column":0},"end":{"line":3,"column":49}},"2":{"start":{"line":5,"column":0},"end":{"line":5,"column":28}},"3":{"start":{"line":7,"column":0},"end":{"line":56,"column":1}},"4":{"start":{"line":8,"column":1},"end":{"line":8,"column":15}},"5":{"start":{"line":9,"column":1},"end":{"line":9,"column":20}},"6":{"start":{"line":10,"column":1},"end":{"line":10,"column":20}},"7":{"start":{"line":11,"column":1},"end":{"line":11,"column":17}},"8":{"start":{"line":12,"column":1},"end":{"line":12,"column":20}},"9":{"start":{"line":13,"column":2},"end":{"line":13,"column":27}},"10":{"start":{"line":14,"column":1},"end":{"line":43,"column":2}},"11":{"start":{"line":15,"column":2},"end":{"line":42,"column":3}},"12":{"start":{"line":19,"column":4},"end":{"line":19,"column":31}},"13":{"start":{"line":20,"column":4},"end":{"line":20,"column":10}},"14":{"start":{"line":24,"column":4},"end":{"line":24,"column":18}},"15":{"start":{"line":25,"column":4},"end":{"line":25,"column":10}},"16":{"start":{"line":28,"column":4},"end":{"line":28,"column":18}},"17":{"start":{"line":29,"column":4},"end":{"line":29,"column":10}},"18":{"start":{"line":32,"column":4},"end":{"line":32,"column":15}},"19":{"start":{"line":33,"column":4},"end":{"line":33,"column":10}},"20":{"start":{"line":36,"column":4},"end":{"line":36,"column":18}},"21":{"start":{"line":37,"column":4},"end":{"line":37,"column":10}},"22":{"start":{"line":40,"column":8},"end":{"line":40,"column":28}},"23":{"start":{"line":41,"column":8},"end":{"line":41,"column":14}},"24":{"start":{"line":45,"column":1},"end":{"line":45,"column":89}},"25":{"start":{"line":47,"column":1},"end":{"line":55,"column":2}},"26":{"start":{"line":48,"column":2},"end":{"line":48,"column":35}},"27":{"start":{"line":49,"column":8},"end":{"line":55,"column":2}},"28":{"start":{"line":50,"column":2},"end":{"line":50,"column":32}},"29":{"start":{"line":51,"column":8},"end":{"line":55,"column":2}},"30":{"start":{"line":52,"column":2},"end":{"line":52,"column":35}},"31":{"start":{"line":54,"column":2},"end":{"line":54,"column":28}}},"branchMap":{"1":{"line":15,"type":"switch","locations":[{"start":{"line":16,"column":3},"end":{"line":16,"column":13}},{"start":{"line":17,"column":3},"end":{"line":17,"column":17}},{"start":{"line":18,"column":3},"end":{"line":20,"column":10}},{"start":{"line":21,"column":3},"end":{"line":21,"column":13}},{"start":{"line":22,"column":3},"end":{"line":22,"column":19}},{"start":{"line":23,"column":3},"end":{"line":25,"column":10}},{"start":{"line":26,"column":3},"end":{"line":26,"column":13}},{"start":{"line":27,"column":3},"end":{"line":29,"column":10}},{"start":{"line":30,"column":3},"end":{"line":30,"column":13}},{"start":{"line":31,"column":3},"end":{"line":33,"column":10}},{"start":{"line":34,"column":3},"end":{"line":34,"column":13}},{"start":{"line":35,"column":3},"end":{"line":37,"column":10}},{"start":{"line":38,"column":6},"end":{"line":38,"column":16}},{"start":{"line":39,"column":6},"end":{"line":41,"column":14}}]},"2":{"line":47,"type":"if","locations":[{"start":{"line":47,"column":1},"end":{"line":47,"column":1}},{"start":{"line":47,"column":1},"end":{"line":47,"column":1}}]},"3":{"line":49,"type":"if","locations":[{"start":{"line":49,"column":8},"end":{"line":49,"column":8}},{"start":{"line":49,"column":8},"end":{"line":49,"column":8}}]},"4":{"line":51,"type":"if","locations":[{"start":{"line":51,"column":8},"end":{"line":51,"column":8}},{"start":{"line":51,"column":8},"end":{"line":51,"column":8}}]}},"code":["//#! /usr/bin/env node","","var generate = require('project-name-generator');","","main(process.argv.slice(2));","","function main(args){","\tvar words = 2;","\tvar number = false;","\tvar dashed = false;","\tvar raw = false;","\tvar spaced = false;","  var alliterative = false;","\tfor (x=0; x<args.length; x++){","\t\tswitch(args[x]){","\t\t\tcase \"-w\":","\t\t\tcase \"--word\":","\t\t\tcase \"--words\":","\t\t\t\twords = parseInt(args[++x])","\t\t\t\tbreak;","\t\t\tcase \"-n\":","\t\t\tcase \"--number\":","\t\t\tcase \"--numbers\":","\t\t\t\tnumber = true;","\t\t\t\tbreak;","\t\t\tcase \"-d\":","\t\t\tcase \"--dashed\":","\t\t\t\tdashed = true;","\t\t\t\tbreak;","\t\t\tcase \"-r\":","\t\t\tcase \"--raw\":","\t\t\t\traw = true;","\t\t\t\tbreak;","\t\t\tcase \"-s\":","\t\t\tcase \"--spaced\":","\t\t\t\tspaced = true;","\t\t\t\tbreak;","      case \"-a\":","      case \"--alliterative\":","        alliterative = true;","        break;","\t\t}","\t}","","\tvar project_name = generate({words: words, number: number, alliterative: alliterative});","","\tif (dashed){","\t\tconsole.log(project_name.dashed);","\t} else if (raw) {","\t\tconsole.log(project_name.raw);","\t} else if (spaced) {","\t\tconsole.log(project_name.spaced);","\t} else {","\t\tconsole.log(project_name);","\t}","}",""],"l":{"3":1,"5":1,"7":1,"8":1,"9":1,"10":1,"11":1,"12":1,"13":1,"14":1,"15":0,"19":0,"20":0,"24":0,"25":0,"28":0,"29":0,"32":0,"33":0,"36":0,"37":0,"40":0,"41":0,"45":1,"47":1,"48":0,"49":1,"50":0,"51":1,"52":0,"54":1}}}